<?xml version="1.0" encoding="UTF-8"?>
<coverage generated="1525391624996" clover="3.2.0">
  <project timestamp="1525391624996" name="All files">
    <metrics statements="366" coveredstatements="208" conditionals="164" coveredconditionals="84" methods="73" coveredmethods="27" elements="603" coveredelements="319" complexity="0" loc="366" ncloc="366" packages="5" files="11" classes="11">
      <package name="components.core">
        <metrics statements="163" coveredstatements="140" conditionals="75" coveredconditionals="60" methods="19" coveredmethods="15"/>
        <file name="account-profile.js" path="/Users/busheng/origin-projects/msp/msp-ui/src/components/core/account-profile.js">
          <metrics statements="31" coveredstatements="31" conditionals="23" coveredconditionals="23" methods="4" coveredmethods="4"/>
          <line num="7" count="3" type="stmt"/>
          <line num="13" count="54" type="stmt"/>
          <line num="31" count="54" type="stmt"/>
          <line num="33" count="54" type="stmt"/>
          <line num="35" count="54" type="cond" truecount="4" falsecount="0"/>
          <line num="37" count="51" type="stmt"/>
          <line num="39" count="714" type="cond" truecount="2" falsecount="0"/>
          <line num="41" count="270" type="stmt"/>
          <line num="45" count="3" type="cond" truecount="5" falsecount="0"/>
          <line num="49" count="1" type="stmt"/>
          <line num="51" count="2" type="cond" truecount="2" falsecount="0"/>
          <line num="53" count="1" type="stmt"/>
          <line num="56" count="54" type="stmt"/>
          <line num="61" count="60" type="stmt"/>
          <line num="63" count="60" type="cond" truecount="2" falsecount="0"/>
          <line num="66" count="30" type="stmt"/>
          <line num="68" count="12" type="stmt"/>
          <line num="73" count="60" type="stmt"/>
          <line num="78" count="54" type="cond" truecount="4" falsecount="0"/>
          <line num="80" count="31" type="cond" truecount="2" falsecount="0"/>
          <line num="82" count="26" type="stmt"/>
          <line num="83" count="26" type="stmt"/>
          <line num="84" count="26" type="stmt"/>
          <line num="88" count="5" type="stmt"/>
          <line num="94" count="23" type="cond" truecount="2" falsecount="0"/>
          <line num="96" count="22" type="stmt"/>
          <line num="97" count="22" type="stmt"/>
          <line num="98" count="22" type="stmt"/>
          <line num="103" count="1" type="stmt"/>
          <line num="104" count="1" type="stmt"/>
          <line num="110" count="3" type="stmt"/>
        </file>
        <file name="component-manager.js" path="/Users/busheng/origin-projects/msp/msp-ui/src/components/core/component-manager.js">
          <metrics statements="13" coveredstatements="6" conditionals="6" coveredconditionals="3" methods="5" coveredmethods="2"/>
          <line num="5" count="1" type="stmt"/>
          <line num="11" count="1" type="stmt"/>
          <line num="16" count="1" type="stmt"/>
          <line num="21" count="0" type="stmt"/>
          <line num="23" count="0" type="cond" truecount="0" falsecount="2"/>
          <line num="25" count="0" type="stmt"/>
          <line num="28" count="0" type="stmt"/>
          <line num="33" count="0" type="stmt"/>
          <line num="38" count="0" type="stmt"/>
          <line num="42" count="1" type="stmt"/>
          <line num="44" count="1" type="cond" truecount="3" falsecount="1"/>
          <line num="46" count="0" type="stmt"/>
          <line num="49" count="1" type="stmt"/>
        </file>
        <file name="hierarchy-node.js" path="/Users/busheng/origin-projects/msp/msp-ui/src/components/core/hierarchy-node.js">
          <metrics statements="32" coveredstatements="32" conditionals="12" coveredconditionals="11" methods="3" coveredmethods="3"/>
          <line num="1" count="2" type="stmt"/>
          <line num="2" count="2" type="stmt"/>
          <line num="8" count="30" type="cond" truecount="2" falsecount="0"/>
          <line num="10" count="10" type="stmt"/>
          <line num="13" count="30" type="stmt"/>
          <line num="14" count="30" type="stmt"/>
          <line num="15" count="30" type="stmt"/>
          <line num="16" count="30" type="stmt"/>
          <line num="17" count="30" type="stmt"/>
          <line num="18" count="30" type="stmt"/>
          <line num="20" count="30" type="stmt"/>
          <line num="25" count="30" type="stmt"/>
          <line num="26" count="30" type="stmt"/>
          <line num="27" count="30" type="stmt"/>
          <line num="28" count="30" type="stmt"/>
          <line num="30" count="30" type="cond" truecount="6" falsecount="0"/>
          <line num="35" count="20" type="stmt"/>
          <line num="37" count="38" type="stmt"/>
          <line num="47" count="38" type="stmt"/>
          <line num="49" count="38" type="cond" truecount="2" falsecount="0"/>
          <line num="51" count="20" type="stmt"/>
          <line num="52" count="20" type="stmt"/>
          <line num="55" count="18" type="cond" truecount="1" falsecount="1"/>
          <line num="57" count="18" type="stmt"/>
          <line num="58" count="18" type="stmt"/>
          <line num="61" count="38" type="stmt"/>
          <line num="62" count="38" type="stmt"/>
          <line num="63" count="38" type="stmt"/>
          <line num="66" count="20" type="stmt"/>
          <line num="68" count="18" type="stmt"/>
          <line num="73" count="30" type="stmt"/>
          <line num="83" count="2" type="stmt"/>
        </file>
        <file name="hierarchy-storage.js" path="/Users/busheng/origin-projects/msp/msp-ui/src/components/core/hierarchy-storage.js">
          <metrics statements="87" coveredstatements="71" conditionals="34" coveredconditionals="23" methods="7" coveredmethods="6"/>
          <line num="5" count="1" type="stmt"/>
          <line num="6" count="1" type="stmt"/>
          <line num="7" count="1" type="stmt"/>
          <line num="13" count="6" type="stmt"/>
          <line num="14" count="6" type="stmt"/>
          <line num="15" count="6" type="stmt"/>
          <line num="16" count="6" type="stmt"/>
          <line num="17" count="6" type="stmt"/>
          <line num="29" count="6" type="stmt"/>
          <line num="31" count="6" type="cond" truecount="1" falsecount="1"/>
          <line num="33" count="0" type="stmt"/>
          <line num="43" count="6" type="stmt"/>
          <line num="45" count="6" type="cond" truecount="2" falsecount="0"/>
          <line num="47" count="2" type="stmt"/>
          <line num="51" count="4" type="stmt"/>
          <line num="53" count="4" type="stmt"/>
          <line num="55" count="4" type="stmt"/>
          <line num="59" count="3" type="stmt"/>
          <line num="62" count="1" type="cond" truecount="1" falsecount="1"/>
          <line num="64" count="0" type="stmt"/>
          <line num="67" count="1" type="stmt"/>
          <line num="70" count="3" type="cond" truecount="2" falsecount="2"/>
          <line num="73" count="0" type="stmt"/>
          <line num="78" count="3" type="stmt"/>
          <line num="80" count="3" type="stmt"/>
          <line num="84" count="0" type="stmt"/>
          <line num="88" count="3" type="cond" truecount="1" falsecount="1"/>
          <line num="90" count="0" type="stmt"/>
          <line num="96" count="3" type="stmt"/>
          <line num="98" count="3" type="stmt"/>
          <line num="99" count="3" type="stmt"/>
          <line num="100" count="14" type="stmt"/>
          <line num="102" count="3" type="stmt"/>
          <line num="104" count="14" type="stmt"/>
          <line num="105" count="14" type="stmt"/>
          <line num="107" count="14" type="cond" truecount="2" falsecount="0"/>
          <line num="109" count="5" type="stmt"/>
          <line num="111" count="9" type="cond" truecount="4" falsecount="0"/>
          <line num="114" count="5" type="stmt"/>
          <line num="118" count="4" type="stmt"/>
          <line num="120" count="4" type="cond" truecount="2" falsecount="0"/>
          <line num="122" count="3" type="stmt"/>
          <line num="123" count="3" type="stmt"/>
          <line num="127" count="14" type="stmt"/>
          <line num="129" count="9" type="cond" truecount="1" falsecount="1"/>
          <line num="134" count="14" type="stmt"/>
          <line num="136" count="14" type="stmt"/>
          <line num="137" count="14" type="stmt"/>
          <line num="139" count="14" type="stmt"/>
          <line num="142" count="3" type="stmt"/>
          <line num="147" count="2" type="stmt"/>
          <line num="149" count="2" type="cond" truecount="1" falsecount="1"/>
          <line num="151" count="0" type="stmt"/>
          <line num="154" count="2" type="stmt"/>
          <line num="155" count="2" type="stmt"/>
          <line num="156" count="2" type="stmt"/>
          <line num="157" count="2" type="stmt"/>
          <line num="159" count="2" type="cond" truecount="2" falsecount="0"/>
          <line num="161" count="2" type="stmt"/>
          <line num="163" count="2" type="cond" truecount="1" falsecount="1"/>
          <line num="165" count="2" type="stmt"/>
          <line num="167" count="2" type="stmt"/>
          <line num="168" count="2" type="stmt"/>
          <line num="171" count="2" type="stmt"/>
          <line num="172" count="2" type="stmt"/>
          <line num="175" count="2" type="stmt"/>
          <line num="177" count="4" type="stmt"/>
          <line num="178" count="4" type="stmt"/>
          <line num="181" count="2" type="stmt"/>
          <line num="186" count="0" type="cond" truecount="0" falsecount="2"/>
          <line num="188" count="0" type="stmt"/>
          <line num="191" count="0" type="stmt"/>
          <line num="193" count="0" type="stmt"/>
          <line num="195" count="0" type="stmt"/>
          <line num="196" count="0" type="stmt"/>
          <line num="198" count="0" type="stmt"/>
          <line num="201" count="0" type="stmt"/>
          <line num="203" count="0" type="stmt"/>
          <line num="208" count="3" type="stmt"/>
          <line num="209" count="3" type="stmt"/>
          <line num="218" count="2" type="cond" truecount="1" falsecount="1"/>
          <line num="220" count="0" type="stmt"/>
          <line num="223" count="2" type="stmt"/>
          <line num="224" count="2" type="stmt"/>
          <line num="225" count="2" type="stmt"/>
          <line num="227" count="2" type="stmt"/>
          <line num="232" count="1" type="stmt"/>
        </file>
      </package>
      <package name="components.core.__test__">
        <metrics statements="2" coveredstatements="2" conditionals="0" coveredconditionals="0" methods="0" coveredmethods="0"/>
        <file name="sap.dummy.js" path="/Users/busheng/origin-projects/msp/msp-ui/src/components/core/__test__/sap.dummy.js">
          <metrics statements="2" coveredstatements="2" conditionals="0" coveredconditionals="0" methods="0" coveredmethods="0"/>
          <line num="2" count="2" type="stmt"/>
          <line num="707" count="2" type="stmt"/>
        </file>
      </package>
      <package name="components.message-box">
        <metrics statements="16" coveredstatements="12" conditionals="8" coveredconditionals="4" methods="2" coveredmethods="2"/>
        <file name="message-box.js" path="/Users/busheng/origin-projects/msp/msp-ui/src/components/message-box/message-box.js">
          <metrics statements="16" coveredstatements="12" conditionals="8" coveredconditionals="4" methods="2" coveredmethods="2"/>
          <line num="1" count="1" type="stmt"/>
          <line num="2" count="1" type="stmt"/>
          <line num="8" count="1" type="stmt"/>
          <line num="10" count="1" type="stmt"/>
          <line num="18" count="1" type="stmt"/>
          <line num="30" count="1" type="stmt"/>
          <line num="31" count="1" type="stmt"/>
          <line num="32" count="1" type="stmt"/>
          <line num="34" count="1" type="cond" truecount="1" falsecount="1"/>
          <line num="36" count="0" type="stmt"/>
          <line num="39" count="1" type="cond" truecount="3" falsecount="1"/>
          <line num="41" count="0" type="stmt"/>
          <line num="43" count="0" type="cond" truecount="0" falsecount="2"/>
          <line num="45" count="0" type="stmt"/>
          <line num="49" count="1" type="stmt"/>
          <line num="60" count="1" type="stmt"/>
        </file>
      </package>
      <package name="components.search-box">
        <metrics statements="172" coveredstatements="47" conditionals="73" coveredconditionals="14" methods="47" coveredmethods="6"/>
        <file name="data-model.js" path="/Users/busheng/origin-projects/msp/msp-ui/src/components/search-box/data-model.js">
          <metrics statements="31" coveredstatements="22" conditionals="19" coveredconditionals="12" methods="7" coveredmethods="4"/>
          <line num="3" count="2" type="stmt"/>
          <line num="9" count="16" type="stmt"/>
          <line num="10" count="16" type="stmt"/>
          <line num="11" count="16" type="stmt"/>
          <line num="13" count="16" type="stmt"/>
          <line num="15" count="16" type="cond" truecount="5" falsecount="0"/>
          <line num="19" count="7" type="stmt"/>
          <line num="21" count="9" type="cond" truecount="1" falsecount="1"/>
          <line num="23" count="0" type="stmt"/>
          <line num="25" count="9" type="cond" truecount="4" falsecount="0"/>
          <line num="27" count="8" type="stmt"/>
          <line num="29" count="8" type="stmt"/>
          <line num="36" count="0" type="cond" truecount="0" falsecount="2"/>
          <line num="38" count="0" type="stmt"/>
          <line num="41" count="0" type="stmt"/>
          <line num="43" count="0" type="stmt"/>
          <line num="46" count="0" type="stmt"/>
          <line num="53" count="3" type="stmt"/>
          <line num="55" count="3" type="stmt"/>
          <line num="57" count="6" type="stmt"/>
          <line num="59" count="10" type="cond" truecount="2" falsecount="0"/>
          <line num="61" count="2" type="stmt"/>
          <line num="64" count="8" type="stmt"/>
          <line num="65" count="8" type="stmt"/>
          <line num="66" count="8" type="stmt"/>
          <line num="68" count="8" type="stmt"/>
          <line num="74" count="3" type="stmt"/>
          <line num="80" count="0" type="cond" truecount="0" falsecount="4"/>
          <line num="82" count="0" type="stmt"/>
          <line num="85" count="0" type="stmt"/>
          <line num="89" count="2" type="stmt"/>
        </file>
        <file name="search-box-list-item.js" path="/Users/busheng/origin-projects/msp/msp-ui/src/components/search-box/search-box-list-item.js">
          <metrics statements="10" coveredstatements="0" conditionals="2" coveredconditionals="0" methods="4" coveredmethods="0"/>
          <line num="8" count="0" type="stmt"/>
          <line num="9" count="0" type="stmt"/>
          <line num="11" count="0" type="stmt"/>
          <line num="16" count="0" type="stmt"/>
          <line num="21" count="0" type="stmt"/>
          <line num="22" count="0" type="stmt"/>
          <line num="23" count="0" type="stmt"/>
          <line num="25" count="0" type="cond" truecount="0" falsecount="2"/>
          <line num="29" count="0" type="stmt"/>
          <line num="31" count="0" type="stmt"/>
        </file>
        <file name="search-box-list.js" path="/Users/busheng/origin-projects/msp/msp-ui/src/components/search-box/search-box-list.js">
          <metrics statements="41" coveredstatements="0" conditionals="16" coveredconditionals="0" methods="10" coveredmethods="0"/>
          <line num="8" count="0" type="stmt"/>
          <line num="9" count="0" type="stmt"/>
          <line num="10" count="0" type="stmt"/>
          <line num="12" count="0" type="stmt"/>
          <line num="13" count="0" type="stmt"/>
          <line num="14" count="0" type="stmt"/>
          <line num="16" count="0" type="stmt"/>
          <line num="18" count="0" type="stmt"/>
          <line num="27" count="0" type="stmt"/>
          <line num="35" count="0" type="stmt"/>
          <line num="36" count="0" type="stmt"/>
          <line num="38" count="0" type="cond" truecount="0" falsecount="2"/>
          <line num="40" count="0" type="cond" truecount="0" falsecount="2"/>
          <line num="42" count="0" type="stmt"/>
          <line num="46" count="0" type="cond" truecount="0" falsecount="2"/>
          <line num="48" count="0" type="cond" truecount="0" falsecount="2"/>
          <line num="50" count="0" type="stmt"/>
          <line num="56" count="0" type="stmt"/>
          <line num="59" count="0" type="stmt"/>
          <line num="61" count="0" type="cond" truecount="0" falsecount="2"/>
          <line num="63" count="0" type="stmt"/>
          <line num="66" count="0" type="stmt"/>
          <line num="72" count="0" type="stmt"/>
          <line num="78" count="0" type="stmt"/>
          <line num="83" count="0" type="cond" truecount="0" falsecount="2"/>
          <line num="85" count="0" type="stmt"/>
          <line num="88" count="0" type="stmt"/>
          <line num="90" count="0" type="stmt"/>
          <line num="92" count="0" type="stmt"/>
          <line num="97" count="0" type="stmt"/>
          <line num="102" count="0" type="stmt"/>
          <line num="103" count="0" type="stmt"/>
          <line num="105" count="0" type="cond" truecount="0" falsecount="2"/>
          <line num="107" count="0" type="stmt"/>
          <line num="110" count="0" type="stmt"/>
          <line num="114" count="0" type="stmt"/>
          <line num="120" count="0" type="stmt"/>
          <line num="122" count="0" type="cond" truecount="0" falsecount="2"/>
          <line num="124" count="0" type="stmt"/>
          <line num="127" count="0" type="stmt"/>
          <line num="134" count="0" type="stmt"/>
        </file>
        <file name="search-box.js" path="/Users/busheng/origin-projects/msp/msp-ui/src/components/search-box/search-box.js">
          <metrics statements="90" coveredstatements="25" conditionals="36" coveredconditionals="2" methods="26" coveredmethods="2"/>
          <line num="7" count="1" type="stmt"/>
          <line num="13" count="1" type="stmt"/>
          <line num="15" count="1" type="stmt"/>
          <line num="16" count="1" type="stmt"/>
          <line num="17" count="1" type="stmt"/>
          <line num="18" count="1" type="stmt"/>
          <line num="19" count="1" type="stmt"/>
          <line num="20" count="1" type="stmt"/>
          <line num="21" count="1" type="stmt"/>
          <line num="22" count="1" type="stmt"/>
          <line num="24" count="1" type="stmt"/>
          <line num="25" count="1" type="stmt"/>
          <line num="26" count="1" type="stmt"/>
          <line num="27" count="1" type="stmt"/>
          <line num="28" count="1" type="stmt"/>
          <line num="30" count="1" type="stmt"/>
          <line num="51" count="1" type="stmt"/>
          <line num="52" count="1" type="stmt"/>
          <line num="57" count="0" type="stmt"/>
          <line num="59" count="0" type="cond" truecount="0" falsecount="4"/>
          <line num="61" count="0" type="stmt"/>
          <line num="64" count="0" type="stmt"/>
          <line num="85" count="0" type="stmt"/>
          <line num="87" count="0" type="cond" truecount="0" falsecount="4"/>
          <line num="89" count="0" type="stmt"/>
          <line num="92" count="0" type="stmt"/>
          <line num="93" count="0" type="stmt"/>
          <line num="94" count="0" type="stmt"/>
          <line num="96" count="0" type="stmt"/>
          <line num="106" count="0" type="cond" truecount="0" falsecount="4"/>
          <line num="108" count="0" type="stmt"/>
          <line num="118" count="0" type="stmt"/>
          <line num="127" count="0" type="stmt"/>
          <line num="129" count="0" type="stmt"/>
          <line num="130" count="0" type="stmt"/>
          <line num="132" count="0" type="cond" truecount="0" falsecount="2"/>
          <line num="134" count="0" type="stmt"/>
          <line num="138" count="0" type="stmt"/>
          <line num="140" count="0" type="cond" truecount="0" falsecount="2"/>
          <line num="142" count="0" type="stmt"/>
          <line num="146" count="0" type="stmt"/>
          <line num="150" count="0" type="stmt"/>
          <line num="155" count="0" type="stmt"/>
          <line num="157" count="0" type="cond" truecount="0" falsecount="2"/>
          <line num="159" count="0" type="stmt"/>
          <line num="165" count="0" type="stmt"/>
          <line num="170" count="0" type="stmt"/>
          <line num="171" count="0" type="stmt"/>
          <line num="176" count="1" type="stmt"/>
          <line num="178" count="1" type="stmt"/>
          <line num="180" count="7" type="stmt"/>
          <line num="181" count="7" type="stmt"/>
          <line num="183" count="7" type="cond" truecount="2" falsecount="0"/>
          <line num="185" count="2" type="stmt"/>
          <line num="189" count="1" type="stmt"/>
          <line num="194" count="0" type="stmt"/>
          <line num="195" count="0" type="stmt"/>
          <line num="197" count="0" type="stmt"/>
          <line num="204" count="0" type="stmt"/>
          <line num="209" count="0" type="stmt"/>
          <line num="211" count="0" type="stmt"/>
          <line num="216" count="0" type="stmt"/>
          <line num="225" count="0" type="stmt"/>
          <line num="230" count="0" type="cond" truecount="0" falsecount="2"/>
          <line num="232" count="0" type="stmt"/>
          <line num="241" count="0" type="cond" truecount="0" falsecount="2"/>
          <line num="243" count="0" type="stmt"/>
          <line num="246" count="0" type="cond" truecount="0" falsecount="4"/>
          <line num="249" count="0" type="stmt"/>
          <line num="255" count="0" type="cond" truecount="0" falsecount="2"/>
          <line num="257" count="0" type="stmt"/>
          <line num="260" count="0" type="stmt"/>
          <line num="261" count="0" type="stmt"/>
          <line num="266" count="0" type="stmt"/>
          <line num="267" count="0" type="stmt"/>
          <line num="272" count="0" type="stmt"/>
          <line num="273" count="0" type="stmt"/>
          <line num="278" count="0" type="cond" truecount="0" falsecount="2"/>
          <line num="280" count="0" type="stmt"/>
          <line num="283" count="0" type="stmt"/>
          <line num="285" count="0" type="stmt"/>
          <line num="296" count="0" type="stmt"/>
          <line num="306" count="0" type="stmt"/>
          <line num="317" count="0" type="stmt"/>
          <line num="326" count="0" type="cond" truecount="0" falsecount="4"/>
          <line num="329" count="0" type="stmt"/>
          <line num="332" count="0" type="stmt"/>
          <line num="339" count="0" type="stmt"/>
          <line num="347" count="0" type="stmt"/>
          <line num="349" count="0" type="stmt"/>
        </file>
      </package>
      <package name="helpers">
        <metrics statements="13" coveredstatements="7" conditionals="8" coveredconditionals="6" methods="5" coveredmethods="4"/>
        <file name="util.js" path="/Users/busheng/origin-projects/msp/msp-ui/src/helpers/util.js">
          <metrics statements="13" coveredstatements="7" conditionals="8" coveredconditionals="6" methods="5" coveredmethods="4"/>
          <line num="12" count="122" type="cond" truecount="2" falsecount="0"/>
          <line num="18" count="1" type="stmt"/>
          <line num="24" count="125" type="cond" truecount="2" falsecount="0"/>
          <line num="26" count="43" type="stmt"/>
          <line num="29" count="82" type="stmt"/>
          <line num="35" count="0" type="stmt"/>
          <line num="37" count="0" type="stmt"/>
          <line num="39" count="0" type="cond" truecount="0" falsecount="2"/>
          <line num="40" count="0" type="stmt"/>
          <line num="43" count="0" type="stmt"/>
          <line num="46" count="0" type="stmt"/>
          <line num="52" count="63" type="cond" truecount="2" falsecount="0"/>
          <line num="57" count="7" type="stmt"/>
        </file>
      </package>
    </metrics>
  </project>
</coverage>
