{"/Users/busheng/origin-projects/msp/msp-ui/src/components/core/account-profile.js": {"path":"/Users/busheng/origin-projects/msp/msp-ui/src/components/core/account-profile.js","statementMap":{"0":{"start":{"line":7,"column":13},"end":{"line":7,"column":47}},"1":{"start":{"line":13,"column":18},"end":{"line":29,"column":9}},"2":{"start":{"line":31,"column":8},"end":{"line":31,"column":35}},"3":{"start":{"line":33,"column":22},"end":{"line":33,"column":32}},"4":{"start":{"line":35,"column":8},"end":{"line":54,"column":9}},"5":{"start":{"line":37,"column":12},"end":{"line":43,"column":13}},"6":{"start":{"line":39,"column":16},"end":{"line":42,"column":17}},"7":{"start":{"line":41,"column":20},"end":{"line":41,"column":47}},"8":{"start":{"line":45,"column":13},"end":{"line":54,"column":9}},"9":{"start":{"line":49,"column":12},"end":{"line":49,"column":32}},"10":{"start":{"line":51,"column":13},"end":{"line":54,"column":9}},"11":{"start":{"line":53,"column":12},"end":{"line":53,"column":35}},"12":{"start":{"line":56,"column":8},"end":{"line":56,"column":39}},"13":{"start":{"line":61,"column":22},"end":{"line":61,"column":27}},"14":{"start":{"line":63,"column":8},"end":{"line":71,"column":9}},"15":{"start":{"line":66,"column":12},"end":{"line":70,"column":35}},"16":{"start":{"line":68,"column":16},"end":{"line":68,"column":53}},"17":{"start":{"line":73,"column":8},"end":{"line":73,"column":23}},"18":{"start":{"line":78,"column":8},"end":{"line":106,"column":9}},"19":{"start":{"line":80,"column":12},"end":{"line":89,"column":13}},"20":{"start":{"line":82,"column":16},"end":{"line":82,"column":49}},"21":{"start":{"line":83,"column":16},"end":{"line":83,"column":43}},"22":{"start":{"line":84,"column":16},"end":{"line":84,"column":32}},"23":{"start":{"line":88,"column":16},"end":{"line":88,"column":36}},"24":{"start":{"line":94,"column":12},"end":{"line":105,"column":13}},"25":{"start":{"line":96,"column":16},"end":{"line":96,"column":80}},"26":{"start":{"line":97,"column":16},"end":{"line":97,"column":37}},"27":{"start":{"line":98,"column":16},"end":{"line":98,"column":65}},"28":{"start":{"line":103,"column":16},"end":{"line":103,"column":98}},"29":{"start":{"line":104,"column":16},"end":{"line":104,"column":36}},"30":{"start":{"line":110,"column":0},"end":{"line":113,"column":2}}},"fnMap":{"0":{"name":"(anonymous_0)","decl":{"start":{"line":11,"column":4},"end":{"line":11,"column":5}},"loc":{"start":{"line":11,"column":23},"end":{"line":57,"column":5}},"line":11},"1":{"name":"(anonymous_1)","decl":{"start":{"line":59,"column":4},"end":{"line":59,"column":5}},"loc":{"start":{"line":59,"column":28},"end":{"line":74,"column":5}},"line":59},"2":{"name":"(anonymous_2)","decl":{"start":{"line":66,"column":45},"end":{"line":66,"column":46}},"loc":{"start":{"line":66,"column":69},"end":{"line":70,"column":13}},"line":66},"3":{"name":"(anonymous_3)","decl":{"start":{"line":76,"column":4},"end":{"line":76,"column":5}},"loc":{"start":{"line":76,"column":30},"end":{"line":107,"column":5}},"line":76}},"branchMap":{"0":{"loc":{"start":{"line":35,"column":8},"end":{"line":54,"column":9}},"type":"if","locations":[{"start":{"line":35,"column":8},"end":{"line":54,"column":9}},{"start":{"line":35,"column":8},"end":{"line":54,"column":9}}],"line":35},"1":{"loc":{"start":{"line":35,"column":13},"end":{"line":35,"column":75}},"type":"binary-expr","locations":[{"start":{"line":35,"column":13},"end":{"line":35,"column":42}},{"start":{"line":35,"column":46},"end":{"line":35,"column":75}}],"line":35},"2":{"loc":{"start":{"line":39,"column":16},"end":{"line":42,"column":17}},"type":"if","locations":[{"start":{"line":39,"column":16},"end":{"line":42,"column":17}},{"start":{"line":39,"column":16},"end":{"line":42,"column":17}}],"line":39},"3":{"loc":{"start":{"line":45,"column":13},"end":{"line":54,"column":9}},"type":"if","locations":[{"start":{"line":45,"column":13},"end":{"line":54,"column":9}},{"start":{"line":45,"column":13},"end":{"line":54,"column":9}}],"line":45},"4":{"loc":{"start":{"line":45,"column":18},"end":{"line":47,"column":40}},"type":"binary-expr","locations":[{"start":{"line":45,"column":18},"end":{"line":45,"column":38}},{"start":{"line":46,"column":19},"end":{"line":46,"column":39}},{"start":{"line":47,"column":19},"end":{"line":47,"column":40}}],"line":45},"5":{"loc":{"start":{"line":51,"column":13},"end":{"line":54,"column":9}},"type":"if","locations":[{"start":{"line":51,"column":13},"end":{"line":54,"column":9}},{"start":{"line":51,"column":13},"end":{"line":54,"column":9}}],"line":51},"6":{"loc":{"start":{"line":63,"column":8},"end":{"line":71,"column":9}},"type":"if","locations":[{"start":{"line":63,"column":8},"end":{"line":71,"column":9}},{"start":{"line":63,"column":8},"end":{"line":71,"column":9}}],"line":63},"7":{"loc":{"start":{"line":78,"column":8},"end":{"line":106,"column":9}},"type":"if","locations":[{"start":{"line":78,"column":8},"end":{"line":106,"column":9}},{"start":{"line":78,"column":8},"end":{"line":106,"column":9}}],"line":78},"8":{"loc":{"start":{"line":78,"column":13},"end":{"line":78,"column":58}},"type":"binary-expr","locations":[{"start":{"line":78,"column":13},"end":{"line":78,"column":34}},{"start":{"line":78,"column":38},"end":{"line":78,"column":58}}],"line":78},"9":{"loc":{"start":{"line":80,"column":12},"end":{"line":89,"column":13}},"type":"if","locations":[{"start":{"line":80,"column":12},"end":{"line":89,"column":13}},{"start":{"line":80,"column":12},"end":{"line":89,"column":13}}],"line":80},"10":{"loc":{"start":{"line":94,"column":12},"end":{"line":105,"column":13}},"type":"if","locations":[{"start":{"line":94,"column":12},"end":{"line":105,"column":13}},{"start":{"line":94,"column":12},"end":{"line":105,"column":13}}],"line":94}},"s":{"0":3,"1":54,"2":54,"3":54,"4":54,"5":51,"6":714,"7":270,"8":3,"9":1,"10":2,"11":1,"12":54,"13":60,"14":60,"15":30,"16":12,"17":60,"18":54,"19":31,"20":26,"21":26,"22":26,"23":5,"24":23,"25":22,"26":22,"27":22,"28":1,"29":1,"30":3},"f":{"0":54,"1":60,"2":12,"3":54},"b":{"0":[51,3],"1":[54,4],"2":[270,444],"3":[1,2],"4":[3,2,2],"5":[1,1],"6":[30,30],"7":[31,23],"8":[54,32],"9":[26,5],"10":[22,1]},"_coverageSchema":"332fd63041d2c1bcb487cc26dd0d5f7d97098a6c","hash":"2ea466bbeaeffdd2a5c38db6f58e7cc2fb7bab05"}
,"/Users/busheng/origin-projects/msp/msp-ui/src/components/core/component-manager.js": {"path":"/Users/busheng/origin-projects/msp/msp-ui/src/components/core/component-manager.js","statementMap":{"0":{"start":{"line":5,"column":13},"end":{"line":5,"column":47}},"1":{"start":{"line":11,"column":8},"end":{"line":11,"column":29}},"2":{"start":{"line":16,"column":8},"end":{"line":16,"column":42}},"3":{"start":{"line":21,"column":24},"end":{"line":21,"column":45}},"4":{"start":{"line":23,"column":8},"end":{"line":26,"column":9}},"5":{"start":{"line":25,"column":12},"end":{"line":25,"column":29}},"6":{"start":{"line":28,"column":8},"end":{"line":28,"column":20}},"7":{"start":{"line":33,"column":8},"end":{"line":33,"column":62}},"8":{"start":{"line":38,"column":8},"end":{"line":38,"column":58}},"9":{"start":{"line":42,"column":23},"end":{"line":42,"column":45}},"10":{"start":{"line":44,"column":0},"end":{"line":47,"column":1}},"11":{"start":{"line":46,"column":4},"end":{"line":46,"column":35}},"12":{"start":{"line":49,"column":0},"end":{"line":52,"column":2}}},"fnMap":{"0":{"name":"(anonymous_0)","decl":{"start":{"line":9,"column":4},"end":{"line":9,"column":5}},"loc":{"start":{"line":9,"column":18},"end":{"line":12,"column":5}},"line":9},"1":{"name":"(anonymous_1)","decl":{"start":{"line":14,"column":4},"end":{"line":14,"column":5}},"loc":{"start":{"line":14,"column":34},"end":{"line":17,"column":5}},"line":14},"2":{"name":"(anonymous_2)","decl":{"start":{"line":19,"column":4},"end":{"line":19,"column":5}},"loc":{"start":{"line":19,"column":27},"end":{"line":29,"column":5}},"line":19},"3":{"name":"(anonymous_3)","decl":{"start":{"line":31,"column":4},"end":{"line":31,"column":5}},"loc":{"start":{"line":31,"column":10},"end":{"line":34,"column":5}},"line":31},"4":{"name":"(anonymous_4)","decl":{"start":{"line":36,"column":4},"end":{"line":36,"column":5}},"loc":{"start":{"line":36,"column":10},"end":{"line":39,"column":5}},"line":36}},"branchMap":{"0":{"loc":{"start":{"line":23,"column":8},"end":{"line":26,"column":9}},"type":"if","locations":[{"start":{"line":23,"column":8},"end":{"line":26,"column":9}},{"start":{"line":23,"column":8},"end":{"line":26,"column":9}}],"line":23},"1":{"loc":{"start":{"line":44,"column":0},"end":{"line":47,"column":1}},"type":"if","locations":[{"start":{"line":44,"column":0},"end":{"line":47,"column":1}},{"start":{"line":44,"column":0},"end":{"line":47,"column":1}}],"line":44},"2":{"loc":{"start":{"line":44,"column":5},"end":{"line":44,"column":48}},"type":"binary-expr","locations":[{"start":{"line":44,"column":5},"end":{"line":44,"column":11}},{"start":{"line":44,"column":15},"end":{"line":44,"column":48}}],"line":44}},"s":{"0":1,"1":1,"2":1,"3":0,"4":0,"5":0,"6":0,"7":0,"8":0,"9":1,"10":1,"11":0,"12":1},"f":{"0":1,"1":1,"2":0,"3":0,"4":0},"b":{"0":[0,0],"1":[0,1],"2":[1,1]},"_coverageSchema":"332fd63041d2c1bcb487cc26dd0d5f7d97098a6c","hash":"786113c4e27e08aecd3232a595d8be6bad2c9caa"}
,"/Users/busheng/origin-projects/msp/msp-ui/src/components/core/hierarchy-node.js": {"path":"/Users/busheng/origin-projects/msp/msp-ui/src/components/core/hierarchy-node.js","statementMap":{"0":{"start":{"line":1,"column":13},"end":{"line":1,"column":47}},"1":{"start":{"line":2,"column":23},"end":{"line":2,"column":71}},"2":{"start":{"line":8,"column":8},"end":{"line":11,"column":9}},"3":{"start":{"line":10,"column":12},"end":{"line":10,"column":25}},"4":{"start":{"line":13,"column":8},"end":{"line":13,"column":72}},"5":{"start":{"line":14,"column":8},"end":{"line":14,"column":66}},"6":{"start":{"line":15,"column":8},"end":{"line":15,"column":66}},"7":{"start":{"line":16,"column":8},"end":{"line":16,"column":60}},"8":{"start":{"line":17,"column":8},"end":{"line":17,"column":31}},"9":{"start":{"line":18,"column":8},"end":{"line":18,"column":27}},"10":{"start":{"line":20,"column":8},"end":{"line":20,"column":67}},"11":{"start":{"line":25,"column":23},"end":{"line":25,"column":25}},"12":{"start":{"line":26,"column":20},"end":{"line":26,"column":22}},"13":{"start":{"line":27,"column":19},"end":{"line":27,"column":21}},"14":{"start":{"line":28,"column":22},"end":{"line":28,"column":24}},"15":{"start":{"line":30,"column":8},"end":{"line":71,"column":9}},"16":{"start":{"line":35,"column":12},"end":{"line":64,"column":13}},"17":{"start":{"line":37,"column":30},"end":{"line":45,"column":17}},"18":{"start":{"line":47,"column":37},"end":{"line":47,"column":66}},"19":{"start":{"line":49,"column":16},"end":{"line":59,"column":17}},"20":{"start":{"line":51,"column":20},"end":{"line":51,"column":49}},"21":{"start":{"line":52,"column":20},"end":{"line":52,"column":48}},"22":{"start":{"line":55,"column":21},"end":{"line":59,"column":17}},"23":{"start":{"line":57,"column":20},"end":{"line":57,"column":47}},"24":{"start":{"line":58,"column":20},"end":{"line":58,"column":49}},"25":{"start":{"line":61,"column":16},"end":{"line":61,"column":50}},"26":{"start":{"line":62,"column":16},"end":{"line":62,"column":65}},"27":{"start":{"line":63,"column":16},"end":{"line":63,"column":48}},"28":{"start":{"line":66,"column":12},"end":{"line":70,"column":16}},"29":{"start":{"line":68,"column":16},"end":{"line":68,"column":39}},"30":{"start":{"line":73,"column":8},"end":{"line":78,"column":10}},"31":{"start":{"line":83,"column":0},"end":{"line":86,"column":1}}},"fnMap":{"0":{"name":"(anonymous_0)","decl":{"start":{"line":6,"column":4},"end":{"line":6,"column":5}},"loc":{"start":{"line":6,"column":27},"end":{"line":21,"column":5}},"line":6},"1":{"name":"(anonymous_1)","decl":{"start":{"line":23,"column":4},"end":{"line":23,"column":5}},"loc":{"start":{"line":23,"column":27},"end":{"line":79,"column":5}},"line":23},"2":{"name":"(anonymous_2)","decl":{"start":{"line":66,"column":27},"end":{"line":66,"column":28}},"loc":{"start":{"line":66,"column":35},"end":{"line":70,"column":13}},"line":66}},"branchMap":{"0":{"loc":{"start":{"line":8,"column":8},"end":{"line":11,"column":9}},"type":"if","locations":[{"start":{"line":8,"column":8},"end":{"line":11,"column":9}},{"start":{"line":8,"column":8},"end":{"line":11,"column":9}}],"line":8},"1":{"loc":{"start":{"line":30,"column":8},"end":{"line":71,"column":9}},"type":"if","locations":[{"start":{"line":30,"column":8},"end":{"line":71,"column":9}},{"start":{"line":30,"column":8},"end":{"line":71,"column":9}}],"line":30},"2":{"loc":{"start":{"line":30,"column":13},"end":{"line":33,"column":74}},"type":"binary-expr","locations":[{"start":{"line":30,"column":13},"end":{"line":30,"column":53}},{"start":{"line":31,"column":19},"end":{"line":31,"column":57}},{"start":{"line":32,"column":19},"end":{"line":32,"column":68}},{"start":{"line":33,"column":19},"end":{"line":33,"column":74}}],"line":30},"3":{"loc":{"start":{"line":49,"column":16},"end":{"line":59,"column":17}},"type":"if","locations":[{"start":{"line":49,"column":16},"end":{"line":59,"column":17}},{"start":{"line":49,"column":16},"end":{"line":59,"column":17}}],"line":49},"4":{"loc":{"start":{"line":55,"column":21},"end":{"line":59,"column":17}},"type":"if","locations":[{"start":{"line":55,"column":21},"end":{"line":59,"column":17}},{"start":{"line":55,"column":21},"end":{"line":59,"column":17}}],"line":55}},"s":{"0":2,"1":2,"2":30,"3":10,"4":30,"5":30,"6":30,"7":30,"8":30,"9":30,"10":30,"11":30,"12":30,"13":30,"14":30,"15":30,"16":20,"17":38,"18":38,"19":38,"20":20,"21":20,"22":18,"23":18,"24":18,"25":38,"26":38,"27":38,"28":20,"29":18,"30":30,"31":2},"f":{"0":30,"1":30,"2":18},"b":{"0":[10,20],"1":[20,10],"2":[30,20,20,20],"3":[20,18],"4":[18,0]},"_coverageSchema":"332fd63041d2c1bcb487cc26dd0d5f7d97098a6c","hash":"be4ba228e43bbaa4389a1bba3e51d7e3131698cd"}
,"/Users/busheng/origin-projects/msp/msp-ui/src/components/core/hierarchy-storage.js": {"path":"/Users/busheng/origin-projects/msp/msp-ui/src/components/core/hierarchy-storage.js","statementMap":{"0":{"start":{"line":5,"column":13},"end":{"line":5,"column":47}},"1":{"start":{"line":6,"column":23},"end":{"line":6,"column":77}},"2":{"start":{"line":7,"column":22},"end":{"line":7,"column":74}},"3":{"start":{"line":13,"column":8},"end":{"line":13,"column":29}},"4":{"start":{"line":14,"column":8},"end":{"line":14,"column":31}},"5":{"start":{"line":15,"column":8},"end":{"line":15,"column":27}},"6":{"start":{"line":16,"column":8},"end":{"line":16,"column":24}},"7":{"start":{"line":17,"column":8},"end":{"line":17,"column":33}},"8":{"start":{"line":29,"column":9},"end":{"line":29,"column":44}},"9":{"start":{"line":31,"column":9},"end":{"line":34,"column":10}},"10":{"start":{"line":33,"column":12},"end":{"line":33,"column":40}},"11":{"start":{"line":43,"column":24},"end":{"line":43,"column":28}},"12":{"start":{"line":45,"column":8},"end":{"line":68,"column":9}},"13":{"start":{"line":47,"column":12},"end":{"line":47,"column":32}},"14":{"start":{"line":51,"column":25},"end":{"line":51,"column":29}},"15":{"start":{"line":53,"column":12},"end":{"line":60,"column":13}},"16":{"start":{"line":55,"column":16},"end":{"line":55,"column":47}},"17":{"start":{"line":59,"column":16},"end":{"line":59,"column":86}},"18":{"start":{"line":62,"column":12},"end":{"line":65,"column":13}},"19":{"start":{"line":64,"column":16},"end":{"line":64,"column":82}},"20":{"start":{"line":67,"column":12},"end":{"line":67,"column":31}},"21":{"start":{"line":70,"column":8},"end":{"line":86,"column":9}},"22":{"start":{"line":73,"column":12},"end":{"line":73,"column":48}},"23":{"start":{"line":78,"column":12},"end":{"line":85,"column":13}},"24":{"start":{"line":80,"column":16},"end":{"line":80,"column":54}},"25":{"start":{"line":84,"column":16},"end":{"line":84,"column":77}},"26":{"start":{"line":88,"column":8},"end":{"line":91,"column":9}},"27":{"start":{"line":90,"column":12},"end":{"line":90,"column":83}},"28":{"start":{"line":96,"column":8},"end":{"line":96,"column":43}},"29":{"start":{"line":98,"column":23},"end":{"line":98,"column":42}},"30":{"start":{"line":99,"column":29},"end":{"line":99,"column":48}},"31":{"start":{"line":100,"column":29},"end":{"line":100,"column":89}},"32":{"start":{"line":100,"column":60},"end":{"line":100,"column":87}},"33":{"start":{"line":102,"column":8},"end":{"line":140,"column":9}},"34":{"start":{"line":104,"column":30},"end":{"line":104,"column":49}},"35":{"start":{"line":105,"column":30},"end":{"line":105,"column":53}},"36":{"start":{"line":107,"column":12},"end":{"line":125,"column":13}},"37":{"start":{"line":109,"column":16},"end":{"line":109,"column":46}},"38":{"start":{"line":111,"column":17},"end":{"line":125,"column":13}},"39":{"start":{"line":114,"column":16},"end":{"line":114,"column":53}},"40":{"start":{"line":118,"column":31},"end":{"line":118,"column":51}},"41":{"start":{"line":120,"column":16},"end":{"line":124,"column":17}},"42":{"start":{"line":122,"column":33},"end":{"line":122,"column":73}},"43":{"start":{"line":123,"column":20},"end":{"line":123,"column":48}},"44":{"start":{"line":127,"column":12},"end":{"line":132,"column":13}},"45":{"start":{"line":129,"column":16},"end":{"line":131,"column":17}},"46":{"start":{"line":134,"column":12},"end":{"line":134,"column":58}},"47":{"start":{"line":136,"column":12},"end":{"line":136,"column":70}},"48":{"start":{"line":137,"column":12},"end":{"line":137,"column":43}},"49":{"start":{"line":139,"column":12},"end":{"line":139,"column":35}},"50":{"start":{"line":142,"column":8},"end":{"line":142,"column":32}},"51":{"start":{"line":147,"column":19},"end":{"line":147,"column":62}},"52":{"start":{"line":149,"column":8},"end":{"line":152,"column":9}},"53":{"start":{"line":151,"column":12},"end":{"line":151,"column":22}},"54":{"start":{"line":154,"column":20},"end":{"line":154,"column":30}},"55":{"start":{"line":155,"column":21},"end":{"line":155,"column":25}},"56":{"start":{"line":156,"column":25},"end":{"line":156,"column":27}},"57":{"start":{"line":157,"column":27},"end":{"line":157,"column":48}},"58":{"start":{"line":159,"column":8},"end":{"line":173,"column":9}},"59":{"start":{"line":161,"column":25},"end":{"line":161,"column":36}},"60":{"start":{"line":163,"column":12},"end":{"line":169,"column":13}},"61":{"start":{"line":165,"column":32},"end":{"line":165,"column":48}},"62":{"start":{"line":167,"column":16},"end":{"line":167,"column":35}},"63":{"start":{"line":168,"column":16},"end":{"line":168,"column":44}},"64":{"start":{"line":171,"column":12},"end":{"line":171,"column":42}},"65":{"start":{"line":172,"column":12},"end":{"line":172,"column":26}},"66":{"start":{"line":175,"column":8},"end":{"line":179,"column":9}},"67":{"start":{"line":177,"column":12},"end":{"line":177,"column":33}},"68":{"start":{"line":178,"column":12},"end":{"line":178,"column":41}},"69":{"start":{"line":181,"column":8},"end":{"line":181,"column":21}},"70":{"start":{"line":186,"column":8},"end":{"line":189,"column":9}},"71":{"start":{"line":188,"column":12},"end":{"line":188,"column":27}},"72":{"start":{"line":191,"column":23},"end":{"line":191,"column":25}},"73":{"start":{"line":193,"column":8},"end":{"line":199,"column":9}},"74":{"start":{"line":195,"column":30},"end":{"line":195,"column":46}},"75":{"start":{"line":196,"column":24},"end":{"line":196,"column":65}},"76":{"start":{"line":198,"column":12},"end":{"line":198,"column":38}},"77":{"start":{"line":201,"column":8},"end":{"line":201,"column":53}},"78":{"start":{"line":203,"column":8},"end":{"line":203,"column":24}},"79":{"start":{"line":208,"column":19},"end":{"line":208,"column":62}},"80":{"start":{"line":209,"column":22},"end":{"line":216,"column":11}},"81":{"start":{"line":218,"column":8},"end":{"line":221,"column":9}},"82":{"start":{"line":220,"column":12},"end":{"line":220,"column":87}},"83":{"start":{"line":223,"column":8},"end":{"line":223,"column":38}},"84":{"start":{"line":224,"column":8},"end":{"line":224,"column":35}},"85":{"start":{"line":225,"column":8},"end":{"line":225,"column":38}},"86":{"start":{"line":227,"column":8},"end":{"line":227,"column":23}},"87":{"start":{"line":232,"column":0},"end":{"line":235,"column":2}}},"fnMap":{"0":{"name":"(anonymous_0)","decl":{"start":{"line":11,"column":4},"end":{"line":11,"column":5}},"loc":{"start":{"line":11,"column":49},"end":{"line":35,"column":5}},"line":11},"1":{"name":"(anonymous_1)","decl":{"start":{"line":41,"column":4},"end":{"line":41,"column":5}},"loc":{"start":{"line":41,"column":30},"end":{"line":92,"column":5}},"line":41},"2":{"name":"(anonymous_2)","decl":{"start":{"line":94,"column":4},"end":{"line":94,"column":5}},"loc":{"start":{"line":94,"column":14},"end":{"line":143,"column":5}},"line":94},"3":{"name":"(anonymous_3)","decl":{"start":{"line":100,"column":50},"end":{"line":100,"column":51}},"loc":{"start":{"line":100,"column":60},"end":{"line":100,"column":87}},"line":100},"4":{"name":"(anonymous_4)","decl":{"start":{"line":145,"column":4},"end":{"line":145,"column":5}},"loc":{"start":{"line":145,"column":57},"end":{"line":182,"column":5}},"line":145},"5":{"name":"(anonymous_5)","decl":{"start":{"line":184,"column":4},"end":{"line":184,"column":5}},"loc":{"start":{"line":184,"column":18},"end":{"line":204,"column":5}},"line":184},"6":{"name":"(anonymous_6)","decl":{"start":{"line":206,"column":4},"end":{"line":206,"column":5}},"loc":{"start":{"line":206,"column":66},"end":{"line":228,"column":5}},"line":206}},"branchMap":{"0":{"loc":{"start":{"line":11,"column":25},"end":{"line":11,"column":46}},"type":"default-arg","locations":[{"start":{"line":11,"column":41},"end":{"line":11,"column":46}}],"line":11},"1":{"loc":{"start":{"line":31,"column":9},"end":{"line":34,"column":10}},"type":"if","locations":[{"start":{"line":31,"column":9},"end":{"line":34,"column":10}},{"start":{"line":31,"column":9},"end":{"line":34,"column":10}}],"line":31},"2":{"loc":{"start":{"line":45,"column":8},"end":{"line":68,"column":9}},"type":"if","locations":[{"start":{"line":45,"column":8},"end":{"line":68,"column":9}},{"start":{"line":45,"column":8},"end":{"line":68,"column":9}}],"line":45},"3":{"loc":{"start":{"line":62,"column":12},"end":{"line":65,"column":13}},"type":"if","locations":[{"start":{"line":62,"column":12},"end":{"line":65,"column":13}},{"start":{"line":62,"column":12},"end":{"line":65,"column":13}}],"line":62},"4":{"loc":{"start":{"line":70,"column":8},"end":{"line":86,"column":9}},"type":"if","locations":[{"start":{"line":70,"column":8},"end":{"line":86,"column":9}},{"start":{"line":70,"column":8},"end":{"line":86,"column":9}}],"line":70},"5":{"loc":{"start":{"line":70,"column":13},"end":{"line":71,"column":62}},"type":"binary-expr","locations":[{"start":{"line":70,"column":13},"end":{"line":70,"column":50}},{"start":{"line":71,"column":19},"end":{"line":71,"column":62}}],"line":70},"6":{"loc":{"start":{"line":88,"column":8},"end":{"line":91,"column":9}},"type":"if","locations":[{"start":{"line":88,"column":8},"end":{"line":91,"column":9}},{"start":{"line":88,"column":8},"end":{"line":91,"column":9}}],"line":88},"7":{"loc":{"start":{"line":107,"column":12},"end":{"line":125,"column":13}},"type":"if","locations":[{"start":{"line":107,"column":12},"end":{"line":125,"column":13}},{"start":{"line":107,"column":12},"end":{"line":125,"column":13}}],"line":107},"8":{"loc":{"start":{"line":111,"column":17},"end":{"line":125,"column":13}},"type":"if","locations":[{"start":{"line":111,"column":17},"end":{"line":125,"column":13}},{"start":{"line":111,"column":17},"end":{"line":125,"column":13}}],"line":111},"9":{"loc":{"start":{"line":111,"column":22},"end":{"line":112,"column":75}},"type":"binary-expr","locations":[{"start":{"line":111,"column":22},"end":{"line":111,"column":46}},{"start":{"line":112,"column":23},"end":{"line":112,"column":75}}],"line":111},"10":{"loc":{"start":{"line":120,"column":16},"end":{"line":124,"column":17}},"type":"if","locations":[{"start":{"line":120,"column":16},"end":{"line":124,"column":17}},{"start":{"line":120,"column":16},"end":{"line":124,"column":17}}],"line":120},"11":{"loc":{"start":{"line":129,"column":16},"end":{"line":131,"column":17}},"type":"if","locations":[{"start":{"line":129,"column":16},"end":{"line":131,"column":17}},{"start":{"line":129,"column":16},"end":{"line":131,"column":17}}],"line":129},"12":{"loc":{"start":{"line":145,"column":40},"end":{"line":145,"column":54}},"type":"default-arg","locations":[{"start":{"line":145,"column":53},"end":{"line":145,"column":54}}],"line":145},"13":{"loc":{"start":{"line":149,"column":8},"end":{"line":152,"column":9}},"type":"if","locations":[{"start":{"line":149,"column":8},"end":{"line":152,"column":9}},{"start":{"line":149,"column":8},"end":{"line":152,"column":9}}],"line":149},"14":{"loc":{"start":{"line":159,"column":16},"end":{"line":159,"column":67}},"type":"binary-expr","locations":[{"start":{"line":159,"column":16},"end":{"line":159,"column":36}},{"start":{"line":159,"column":40},"end":{"line":159,"column":67}}],"line":159},"15":{"loc":{"start":{"line":163,"column":12},"end":{"line":169,"column":13}},"type":"if","locations":[{"start":{"line":163,"column":12},"end":{"line":169,"column":13}},{"start":{"line":163,"column":12},"end":{"line":169,"column":13}}],"line":163},"16":{"loc":{"start":{"line":186,"column":8},"end":{"line":189,"column":9}},"type":"if","locations":[{"start":{"line":186,"column":8},"end":{"line":189,"column":9}},{"start":{"line":186,"column":8},"end":{"line":189,"column":9}}],"line":186},"17":{"loc":{"start":{"line":218,"column":8},"end":{"line":221,"column":9}},"type":"if","locations":[{"start":{"line":218,"column":8},"end":{"line":221,"column":9}},{"start":{"line":218,"column":8},"end":{"line":221,"column":9}}],"line":218}},"s":{"0":1,"1":1,"2":1,"3":6,"4":6,"5":6,"6":6,"7":6,"8":6,"9":6,"10":0,"11":6,"12":6,"13":2,"14":4,"15":4,"16":4,"17":3,"18":1,"19":0,"20":1,"21":3,"22":0,"23":3,"24":3,"25":0,"26":3,"27":0,"28":3,"29":3,"30":3,"31":3,"32":14,"33":3,"34":14,"35":14,"36":14,"37":5,"38":9,"39":5,"40":4,"41":4,"42":3,"43":3,"44":14,"45":9,"46":14,"47":14,"48":14,"49":14,"50":3,"51":2,"52":2,"53":0,"54":2,"55":2,"56":2,"57":2,"58":2,"59":2,"60":2,"61":2,"62":2,"63":2,"64":2,"65":2,"66":2,"67":4,"68":4,"69":2,"70":0,"71":0,"72":0,"73":0,"74":0,"75":0,"76":0,"77":0,"78":0,"79":3,"80":3,"81":2,"82":0,"83":2,"84":2,"85":2,"86":2,"87":1},"f":{"0":6,"1":6,"2":3,"3":14,"4":2,"5":0,"6":3},"b":{"0":[6],"1":[0,6],"2":[2,4],"3":[0,1],"4":[0,3],"5":[3,0],"6":[0,3],"7":[5,9],"8":[5,4],"9":[9,8],"10":[3,1],"11":[9,0],"12":[1],"13":[0,2],"14":[4,3],"15":[2,0],"16":[0,0],"17":[0,2]},"_coverageSchema":"332fd63041d2c1bcb487cc26dd0d5f7d97098a6c","hash":"0e2067a82b121b3158778eeb78d0d41d7b7801ce"}
,"/Users/busheng/origin-projects/msp/msp-ui/src/components/core/__test__/sap.dummy.js": {"path":"/Users/busheng/origin-projects/msp/msp-ui/src/components/core/__test__/sap.dummy.js","statementMap":{"0":{"start":{"line":2,"column":0},"end":{"line":705,"column":1}},"1":{"start":{"line":707,"column":0},"end":{"line":710,"column":2}}},"fnMap":{},"branchMap":{},"s":{"0":2,"1":2},"f":{},"b":{},"_coverageSchema":"332fd63041d2c1bcb487cc26dd0d5f7d97098a6c","hash":"869ec8947e5ac9ece110acfe8c25b50871935ee6"}
,"/Users/busheng/origin-projects/msp/msp-ui/src/components/message-box/message-box.js": {"path":"/Users/busheng/origin-projects/msp/msp-ui/src/components/message-box/message-box.js","statementMap":{"0":{"start":{"line":1,"column":13},"end":{"line":1,"column":47}},"1":{"start":{"line":2,"column":14},"end":{"line":2,"column":32}},"2":{"start":{"line":8,"column":8},"end":{"line":8,"column":23}},"3":{"start":{"line":10,"column":8},"end":{"line":16,"column":10}},"4":{"start":{"line":18,"column":8},"end":{"line":25,"column":10}},"5":{"start":{"line":30,"column":24},"end":{"line":30,"column":37}},"6":{"start":{"line":31,"column":26},"end":{"line":31,"column":46}},"7":{"start":{"line":32,"column":26},"end":{"line":32,"column":41}},"8":{"start":{"line":34,"column":8},"end":{"line":37,"column":9}},"9":{"start":{"line":36,"column":12},"end":{"line":36,"column":56}},"10":{"start":{"line":39,"column":8},"end":{"line":47,"column":9}},"11":{"start":{"line":41,"column":12},"end":{"line":41,"column":63}},"12":{"start":{"line":43,"column":12},"end":{"line":46,"column":13}},"13":{"start":{"line":45,"column":16},"end":{"line":45,"column":67}},"14":{"start":{"line":49,"column":8},"end":{"line":56,"column":10}},"15":{"start":{"line":60,"column":0},"end":{"line":63,"column":2}}},"fnMap":{"0":{"name":"(anonymous_0)","decl":{"start":{"line":6,"column":4},"end":{"line":6,"column":5}},"loc":{"start":{"line":6,"column":25},"end":{"line":26,"column":5}},"line":6},"1":{"name":"(anonymous_1)","decl":{"start":{"line":28,"column":4},"end":{"line":28,"column":5}},"loc":{"start":{"line":28,"column":13},"end":{"line":57,"column":5}},"line":28}},"branchMap":{"0":{"loc":{"start":{"line":34,"column":8},"end":{"line":37,"column":9}},"type":"if","locations":[{"start":{"line":34,"column":8},"end":{"line":37,"column":9}},{"start":{"line":34,"column":8},"end":{"line":37,"column":9}}],"line":34},"1":{"loc":{"start":{"line":39,"column":8},"end":{"line":47,"column":9}},"type":"if","locations":[{"start":{"line":39,"column":8},"end":{"line":47,"column":9}},{"start":{"line":39,"column":8},"end":{"line":47,"column":9}}],"line":39},"2":{"loc":{"start":{"line":39,"column":13},"end":{"line":39,"column":53}},"type":"binary-expr","locations":[{"start":{"line":39,"column":13},"end":{"line":39,"column":31}},{"start":{"line":39,"column":35},"end":{"line":39,"column":53}}],"line":39},"3":{"loc":{"start":{"line":43,"column":12},"end":{"line":46,"column":13}},"type":"if","locations":[{"start":{"line":43,"column":12},"end":{"line":46,"column":13}},{"start":{"line":43,"column":12},"end":{"line":46,"column":13}}],"line":43}},"s":{"0":1,"1":1,"2":1,"3":1,"4":1,"5":1,"6":1,"7":1,"8":1,"9":0,"10":1,"11":0,"12":0,"13":0,"14":1,"15":1},"f":{"0":1,"1":1},"b":{"0":[0,1],"1":[0,1],"2":[1,1],"3":[0,0]},"_coverageSchema":"332fd63041d2c1bcb487cc26dd0d5f7d97098a6c","hash":"db9035e1c4ae368f059bfee7602928ff6cdef198"}
,"/Users/busheng/origin-projects/msp/msp-ui/src/components/search-box/data-model.js": {"path":"/Users/busheng/origin-projects/msp/msp-ui/src/components/search-box/data-model.js","statementMap":{"0":{"start":{"line":3,"column":13},"end":{"line":3,"column":47}},"1":{"start":{"line":9,"column":8},"end":{"line":9,"column":30}},"2":{"start":{"line":10,"column":8},"end":{"line":10,"column":28}},"3":{"start":{"line":11,"column":8},"end":{"line":11,"column":30}},"4":{"start":{"line":13,"column":19},"end":{"line":13,"column":29}},"5":{"start":{"line":15,"column":8},"end":{"line":30,"column":9}},"6":{"start":{"line":19,"column":12},"end":{"line":19,"column":46}},"7":{"start":{"line":21,"column":13},"end":{"line":30,"column":9}},"8":{"start":{"line":23,"column":12},"end":{"line":23,"column":38}},"9":{"start":{"line":25,"column":13},"end":{"line":30,"column":9}},"10":{"start":{"line":27,"column":12},"end":{"line":27,"column":53}},"11":{"start":{"line":29,"column":12},"end":{"line":29,"column":39}},"12":{"start":{"line":36,"column":4},"end":{"line":39,"column":5}},"13":{"start":{"line":38,"column":8},"end":{"line":38,"column":18}},"14":{"start":{"line":41,"column":22},"end":{"line":44,"column":7}},"15":{"start":{"line":43,"column":8},"end":{"line":43,"column":38}},"16":{"start":{"line":46,"column":4},"end":{"line":46,"column":23}},"17":{"start":{"line":53,"column":22},"end":{"line":53,"column":24}},"18":{"start":{"line":55,"column":4},"end":{"line":72,"column":8}},"19":{"start":{"line":57,"column":8},"end":{"line":70,"column":12}},"20":{"start":{"line":59,"column":12},"end":{"line":62,"column":13}},"21":{"start":{"line":61,"column":16},"end":{"line":61,"column":24}},"22":{"start":{"line":64,"column":29},"end":{"line":64,"column":51}},"23":{"start":{"line":65,"column":12},"end":{"line":65,"column":55}},"24":{"start":{"line":66,"column":12},"end":{"line":66,"column":45}},"25":{"start":{"line":68,"column":12},"end":{"line":68,"column":43}},"26":{"start":{"line":74,"column":4},"end":{"line":74,"column":23}},"27":{"start":{"line":80,"column":4},"end":{"line":83,"column":5}},"28":{"start":{"line":82,"column":8},"end":{"line":82,"column":56}},"29":{"start":{"line":85,"column":4},"end":{"line":85,"column":43}},"30":{"start":{"line":89,"column":0},"end":{"line":95,"column":2}}},"fnMap":{"0":{"name":"(anonymous_0)","decl":{"start":{"line":7,"column":4},"end":{"line":7,"column":5}},"loc":{"start":{"line":7,"column":23},"end":{"line":31,"column":5}},"line":7},"1":{"name":"makeSearchItemsByItems","decl":{"start":{"line":34,"column":9},"end":{"line":34,"column":31}},"loc":{"start":{"line":34,"column":41},"end":{"line":47,"column":1}},"line":34},"2":{"name":"(anonymous_2)","decl":{"start":{"line":41,"column":33},"end":{"line":41,"column":34}},"loc":{"start":{"line":41,"column":41},"end":{"line":44,"column":5}},"line":41},"3":{"name":"makeSearchItemsByFields","decl":{"start":{"line":51,"column":9},"end":{"line":51,"column":32}},"loc":{"start":{"line":51,"column":50},"end":{"line":75,"column":1}},"line":51},"4":{"name":"(anonymous_4)","decl":{"start":{"line":55,"column":15},"end":{"line":55,"column":16}},"loc":{"start":{"line":55,"column":23},"end":{"line":72,"column":5}},"line":55},"5":{"name":"(anonymous_5)","decl":{"start":{"line":57,"column":20},"end":{"line":57,"column":21}},"loc":{"start":{"line":57,"column":33},"end":{"line":70,"column":9}},"line":57},"6":{"name":"makeSearchItems","decl":{"start":{"line":78,"column":9},"end":{"line":78,"column":24}},"loc":{"start":{"line":78,"column":42},"end":{"line":87,"column":1}},"line":78}},"branchMap":{"0":{"loc":{"start":{"line":15,"column":8},"end":{"line":30,"column":9}},"type":"if","locations":[{"start":{"line":15,"column":8},"end":{"line":30,"column":9}},{"start":{"line":15,"column":8},"end":{"line":30,"column":9}}],"line":15},"1":{"loc":{"start":{"line":15,"column":13},"end":{"line":17,"column":37}},"type":"binary-expr","locations":[{"start":{"line":15,"column":13},"end":{"line":15,"column":30}},{"start":{"line":16,"column":19},"end":{"line":16,"column":36}},{"start":{"line":17,"column":19},"end":{"line":17,"column":37}}],"line":15},"2":{"loc":{"start":{"line":21,"column":13},"end":{"line":30,"column":9}},"type":"if","locations":[{"start":{"line":21,"column":13},"end":{"line":30,"column":9}},{"start":{"line":21,"column":13},"end":{"line":30,"column":9}}],"line":21},"3":{"loc":{"start":{"line":25,"column":13},"end":{"line":30,"column":9}},"type":"if","locations":[{"start":{"line":25,"column":13},"end":{"line":30,"column":9}},{"start":{"line":25,"column":13},"end":{"line":30,"column":9}}],"line":25},"4":{"loc":{"start":{"line":25,"column":18},"end":{"line":25,"column":85}},"type":"binary-expr","locations":[{"start":{"line":25,"column":18},"end":{"line":25,"column":47}},{"start":{"line":25,"column":51},"end":{"line":25,"column":85}}],"line":25},"5":{"loc":{"start":{"line":36,"column":4},"end":{"line":39,"column":5}},"type":"if","locations":[{"start":{"line":36,"column":4},"end":{"line":39,"column":5}},{"start":{"line":36,"column":4},"end":{"line":39,"column":5}}],"line":36},"6":{"loc":{"start":{"line":59,"column":12},"end":{"line":62,"column":13}},"type":"if","locations":[{"start":{"line":59,"column":12},"end":{"line":62,"column":13}},{"start":{"line":59,"column":12},"end":{"line":62,"column":13}}],"line":59},"7":{"loc":{"start":{"line":80,"column":4},"end":{"line":83,"column":5}},"type":"if","locations":[{"start":{"line":80,"column":4},"end":{"line":83,"column":5}},{"start":{"line":80,"column":4},"end":{"line":83,"column":5}}],"line":80},"8":{"loc":{"start":{"line":80,"column":9},"end":{"line":80,"column":62}},"type":"binary-expr","locations":[{"start":{"line":80,"column":9},"end":{"line":80,"column":41}},{"start":{"line":80,"column":45},"end":{"line":80,"column":62}}],"line":80}},"s":{"0":2,"1":16,"2":16,"3":16,"4":16,"5":16,"6":7,"7":9,"8":0,"9":9,"10":8,"11":8,"12":0,"13":0,"14":0,"15":0,"16":0,"17":3,"18":3,"19":6,"20":10,"21":2,"22":8,"23":8,"24":8,"25":8,"26":3,"27":0,"28":0,"29":0,"30":2},"f":{"0":16,"1":0,"2":0,"3":3,"4":6,"5":10,"6":0},"b":{"0":[7,9],"1":[16,9,9],"2":[0,9],"3":[8,1],"4":[9,1],"5":[0,0],"6":[2,8],"7":[0,0],"8":[0,0]},"_coverageSchema":"332fd63041d2c1bcb487cc26dd0d5f7d97098a6c","hash":"444b0108a9137c2b861de958145c6e110d510928"}
,"/Users/busheng/origin-projects/msp/msp-ui/src/components/search-box/search-box-list-item.js": {"path":"/Users/busheng/origin-projects/msp/msp-ui/src/components/search-box/search-box-list-item.js","statementMap":{"0":{"start":{"line":8,"column":8},"end":{"line":8,"column":23}},"1":{"start":{"line":9,"column":8},"end":{"line":9,"column":57}},"2":{"start":{"line":11,"column":8},"end":{"line":11,"column":31}},"3":{"start":{"line":16,"column":8},"end":{"line":16,"column":47}},"4":{"start":{"line":21,"column":19},"end":{"line":21,"column":34}},"5":{"start":{"line":22,"column":22},"end":{"line":22,"column":38}},"6":{"start":{"line":23,"column":24},"end":{"line":23,"column":44}},"7":{"start":{"line":25,"column":24},"end":{"line":27,"column":47}},"8":{"start":{"line":29,"column":8},"end":{"line":34,"column":9}},"9":{"start":{"line":31,"column":84},"end":{"line":31,"column":106}}},"fnMap":{"0":{"name":"(anonymous_0)","decl":{"start":{"line":6,"column":4},"end":{"line":6,"column":5}},"loc":{"start":{"line":6,"column":25},"end":{"line":12,"column":5}},"line":6},"1":{"name":"(anonymous_1)","decl":{"start":{"line":14,"column":4},"end":{"line":14,"column":5}},"loc":{"start":{"line":14,"column":18},"end":{"line":17,"column":5}},"line":14},"2":{"name":"(anonymous_2)","decl":{"start":{"line":19,"column":4},"end":{"line":19,"column":5}},"loc":{"start":{"line":19,"column":13},"end":{"line":35,"column":5}},"line":19},"3":{"name":"(anonymous_3)","decl":{"start":{"line":31,"column":76},"end":{"line":31,"column":77}},"loc":{"start":{"line":31,"column":84},"end":{"line":31,"column":106}},"line":31}},"branchMap":{"0":{"loc":{"start":{"line":25,"column":24},"end":{"line":27,"column":47}},"type":"cond-expr","locations":[{"start":{"line":26,"column":24},"end":{"line":26,"column":78}},{"start":{"line":27,"column":24},"end":{"line":27,"column":47}}],"line":25}},"s":{"0":0,"1":0,"2":0,"3":0,"4":0,"5":0,"6":0,"7":0,"8":0,"9":0},"f":{"0":0,"1":0,"2":0,"3":0},"b":{"0":[0,0]},"_coverageSchema":"332fd63041d2c1bcb487cc26dd0d5f7d97098a6c","hash":"dc72e7d239721ebb756d92a4af5c83f472c26541"}
,"/Users/busheng/origin-projects/msp/msp-ui/src/components/search-box/search-box-list.js": {"path":"/Users/busheng/origin-projects/msp/msp-ui/src/components/search-box/search-box-list.js","statementMap":{"0":{"start":{"line":8,"column":8},"end":{"line":8,"column":23}},"1":{"start":{"line":9,"column":8},"end":{"line":9,"column":61}},"2":{"start":{"line":10,"column":8},"end":{"line":10,"column":61}},"3":{"start":{"line":12,"column":8},"end":{"line":12,"column":32}},"4":{"start":{"line":13,"column":8},"end":{"line":13,"column":31}},"5":{"start":{"line":14,"column":8},"end":{"line":14,"column":42}},"6":{"start":{"line":16,"column":8},"end":{"line":16,"column":38}},"7":{"start":{"line":18,"column":8},"end":{"line":22,"column":9}},"8":{"start":{"line":27,"column":8},"end":{"line":30,"column":10}},"9":{"start":{"line":35,"column":27},"end":{"line":35,"column":50}},"10":{"start":{"line":36,"column":33},"end":{"line":36,"column":62}},"11":{"start":{"line":38,"column":8},"end":{"line":57,"column":9}},"12":{"start":{"line":40,"column":12},"end":{"line":43,"column":13}},"13":{"start":{"line":42,"column":16},"end":{"line":42,"column":38}},"14":{"start":{"line":46,"column":13},"end":{"line":57,"column":9}},"15":{"start":{"line":48,"column":12},"end":{"line":51,"column":13}},"16":{"start":{"line":50,"column":16},"end":{"line":50,"column":38}},"17":{"start":{"line":56,"column":12},"end":{"line":56,"column":19}},"18":{"start":{"line":59,"column":8},"end":{"line":59,"column":66}},"19":{"start":{"line":61,"column":8},"end":{"line":64,"column":9}},"20":{"start":{"line":63,"column":12},"end":{"line":63,"column":59}},"21":{"start":{"line":66,"column":8},"end":{"line":70,"column":12}},"22":{"start":{"line":72,"column":8},"end":{"line":72,"column":49}},"23":{"start":{"line":78,"column":9},"end":{"line":78,"column":77}},"24":{"start":{"line":83,"column":8},"end":{"line":86,"column":9}},"25":{"start":{"line":85,"column":12},"end":{"line":85,"column":19}},"26":{"start":{"line":88,"column":20},"end":{"line":88,"column":84}},"27":{"start":{"line":90,"column":8},"end":{"line":90,"column":65}},"28":{"start":{"line":92,"column":8},"end":{"line":92,"column":67}},"29":{"start":{"line":97,"column":8},"end":{"line":97,"column":70}},"30":{"start":{"line":102,"column":20},"end":{"line":102,"column":36}},"31":{"start":{"line":103,"column":28},"end":{"line":103,"column":42}},"32":{"start":{"line":105,"column":8},"end":{"line":108,"column":9}},"33":{"start":{"line":107,"column":12},"end":{"line":107,"column":48}},"34":{"start":{"line":110,"column":8},"end":{"line":141,"column":9}},"35":{"start":{"line":114,"column":32},"end":{"line":114,"column":55}},"36":{"start":{"line":120,"column":36},"end":{"line":120,"column":41}},"37":{"start":{"line":122,"column":20},"end":{"line":125,"column":21}},"38":{"start":{"line":124,"column":24},"end":{"line":124,"column":41}},"39":{"start":{"line":127,"column":20},"end":{"line":136,"column":22}},"40":{"start":{"line":134,"column":42},"end":{"line":134,"column":75}}},"fnMap":{"0":{"name":"(anonymous_0)","decl":{"start":{"line":6,"column":4},"end":{"line":6,"column":5}},"loc":{"start":{"line":6,"column":25},"end":{"line":23,"column":5}},"line":6},"1":{"name":"(anonymous_1)","decl":{"start":{"line":25,"column":4},"end":{"line":25,"column":5}},"loc":{"start":{"line":25,"column":60},"end":{"line":31,"column":5}},"line":25},"2":{"name":"(anonymous_2)","decl":{"start":{"line":33,"column":4},"end":{"line":33,"column":5}},"loc":{"start":{"line":33,"column":27},"end":{"line":74,"column":5}},"line":33},"3":{"name":"(anonymous_3)","decl":{"start":{"line":76,"column":4},"end":{"line":76,"column":5}},"loc":{"start":{"line":76,"column":33},"end":{"line":79,"column":5}},"line":76},"4":{"name":"(anonymous_4)","decl":{"start":{"line":81,"column":4},"end":{"line":81,"column":5}},"loc":{"start":{"line":81,"column":24},"end":{"line":93,"column":5}},"line":81},"5":{"name":"(anonymous_5)","decl":{"start":{"line":95,"column":4},"end":{"line":95,"column":5}},"loc":{"start":{"line":95,"column":27},"end":{"line":98,"column":5}},"line":95},"6":{"name":"(anonymous_6)","decl":{"start":{"line":100,"column":4},"end":{"line":100,"column":5}},"loc":{"start":{"line":100,"column":13},"end":{"line":142,"column":5}},"line":100},"7":{"name":"(anonymous_7)","decl":{"start":{"line":114,"column":22},"end":{"line":114,"column":23}},"loc":{"start":{"line":114,"column":30},"end":{"line":114,"column":57}},"line":114},"8":{"name":"(anonymous_8)","decl":{"start":{"line":118,"column":27},"end":{"line":118,"column":28}},"loc":{"start":{"line":118,"column":44},"end":{"line":138,"column":17}},"line":118},"9":{"name":"(anonymous_9)","decl":{"start":{"line":134,"column":34},"end":{"line":134,"column":35}},"loc":{"start":{"line":134,"column":42},"end":{"line":134,"column":75}},"line":134}},"branchMap":{"0":{"loc":{"start":{"line":38,"column":8},"end":{"line":57,"column":9}},"type":"if","locations":[{"start":{"line":38,"column":8},"end":{"line":57,"column":9}},{"start":{"line":38,"column":8},"end":{"line":57,"column":9}}],"line":38},"1":{"loc":{"start":{"line":40,"column":12},"end":{"line":43,"column":13}},"type":"if","locations":[{"start":{"line":40,"column":12},"end":{"line":43,"column":13}},{"start":{"line":40,"column":12},"end":{"line":43,"column":13}}],"line":40},"2":{"loc":{"start":{"line":46,"column":13},"end":{"line":57,"column":9}},"type":"if","locations":[{"start":{"line":46,"column":13},"end":{"line":57,"column":9}},{"start":{"line":46,"column":13},"end":{"line":57,"column":9}}],"line":46},"3":{"loc":{"start":{"line":48,"column":12},"end":{"line":51,"column":13}},"type":"if","locations":[{"start":{"line":48,"column":12},"end":{"line":51,"column":13}},{"start":{"line":48,"column":12},"end":{"line":51,"column":13}}],"line":48},"4":{"loc":{"start":{"line":61,"column":8},"end":{"line":64,"column":9}},"type":"if","locations":[{"start":{"line":61,"column":8},"end":{"line":64,"column":9}},{"start":{"line":61,"column":8},"end":{"line":64,"column":9}}],"line":61},"5":{"loc":{"start":{"line":83,"column":8},"end":{"line":86,"column":9}},"type":"if","locations":[{"start":{"line":83,"column":8},"end":{"line":86,"column":9}},{"start":{"line":83,"column":8},"end":{"line":86,"column":9}}],"line":83},"6":{"loc":{"start":{"line":105,"column":8},"end":{"line":108,"column":9}},"type":"if","locations":[{"start":{"line":105,"column":8},"end":{"line":108,"column":9}},{"start":{"line":105,"column":8},"end":{"line":108,"column":9}}],"line":105},"7":{"loc":{"start":{"line":122,"column":20},"end":{"line":125,"column":21}},"type":"if","locations":[{"start":{"line":122,"column":20},"end":{"line":125,"column":21}},{"start":{"line":122,"column":20},"end":{"line":125,"column":21}}],"line":122}},"s":{"0":0,"1":0,"2":0,"3":0,"4":0,"5":0,"6":0,"7":0,"8":0,"9":0,"10":0,"11":0,"12":0,"13":0,"14":0,"15":0,"16":0,"17":0,"18":0,"19":0,"20":0,"21":0,"22":0,"23":0,"24":0,"25":0,"26":0,"27":0,"28":0,"29":0,"30":0,"31":0,"32":0,"33":0,"34":0,"35":0,"36":0,"37":0,"38":0,"39":0,"40":0},"f":{"0":0,"1":0,"2":0,"3":0,"4":0,"5":0,"6":0,"7":0,"8":0,"9":0},"b":{"0":[0,0],"1":[0,0],"2":[0,0],"3":[0,0],"4":[0,0],"5":[0,0],"6":[0,0],"7":[0,0]},"_coverageSchema":"332fd63041d2c1bcb487cc26dd0d5f7d97098a6c","hash":"048cd8705bd1a092f303522087beecd3c3d35e7c"}
,"/Users/busheng/origin-projects/msp/msp-ui/src/components/search-box/search-box.js": {"path":"/Users/busheng/origin-projects/msp/msp-ui/src/components/search-box/search-box.js","statementMap":{"0":{"start":{"line":7,"column":34},"end":{"line":7,"column":35}},"1":{"start":{"line":13,"column":8},"end":{"line":13,"column":23}},"2":{"start":{"line":15,"column":8},"end":{"line":15,"column":77}},"3":{"start":{"line":16,"column":8},"end":{"line":16,"column":59}},"4":{"start":{"line":17,"column":8},"end":{"line":17,"column":65}},"5":{"start":{"line":18,"column":8},"end":{"line":18,"column":71}},"6":{"start":{"line":19,"column":8},"end":{"line":19,"column":75}},"7":{"start":{"line":20,"column":8},"end":{"line":20,"column":73}},"8":{"start":{"line":21,"column":8},"end":{"line":21,"column":73}},"9":{"start":{"line":22,"column":8},"end":{"line":22,"column":61}},"10":{"start":{"line":24,"column":8},"end":{"line":24,"column":37}},"11":{"start":{"line":25,"column":8},"end":{"line":25,"column":38}},"12":{"start":{"line":26,"column":8},"end":{"line":26,"column":31}},"13":{"start":{"line":27,"column":8},"end":{"line":27,"column":32}},"14":{"start":{"line":28,"column":8},"end":{"line":28,"column":40}},"15":{"start":{"line":30,"column":8},"end":{"line":49,"column":10}},"16":{"start":{"line":51,"column":8},"end":{"line":51,"column":65}},"17":{"start":{"line":52,"column":8},"end":{"line":52,"column":55}},"18":{"start":{"line":57,"column":30},"end":{"line":57,"column":63}},"19":{"start":{"line":59,"column":8},"end":{"line":62,"column":9}},"20":{"start":{"line":61,"column":12},"end":{"line":61,"column":56}},"21":{"start":{"line":64,"column":8},"end":{"line":80,"column":10}},"22":{"start":{"line":85,"column":25},"end":{"line":85,"column":27}},"23":{"start":{"line":87,"column":8},"end":{"line":90,"column":9}},"24":{"start":{"line":89,"column":12},"end":{"line":89,"column":43}},"25":{"start":{"line":92,"column":26},"end":{"line":92,"column":62}},"26":{"start":{"line":93,"column":19},"end":{"line":93,"column":46}},"27":{"start":{"line":94,"column":28},"end":{"line":94,"column":77}},"28":{"start":{"line":96,"column":8},"end":{"line":101,"column":12}},"29":{"start":{"line":106,"column":8},"end":{"line":113,"column":9}},"30":{"start":{"line":108,"column":12},"end":{"line":112,"column":16}},"31":{"start":{"line":118,"column":8},"end":{"line":122,"column":12}},"32":{"start":{"line":127,"column":8},"end":{"line":127,"column":32}},"33":{"start":{"line":129,"column":19},"end":{"line":129,"column":46}},"34":{"start":{"line":130,"column":28},"end":{"line":130,"column":30}},"35":{"start":{"line":132,"column":8},"end":{"line":148,"column":9}},"36":{"start":{"line":134,"column":12},"end":{"line":134,"column":35}},"37":{"start":{"line":138,"column":12},"end":{"line":138,"column":89}},"38":{"start":{"line":140,"column":12},"end":{"line":147,"column":13}},"39":{"start":{"line":142,"column":16},"end":{"line":142,"column":53}},"40":{"start":{"line":146,"column":16},"end":{"line":146,"column":39}},"41":{"start":{"line":150,"column":8},"end":{"line":150,"column":56}},"42":{"start":{"line":155,"column":8},"end":{"line":155,"column":39}},"43":{"start":{"line":157,"column":8},"end":{"line":163,"column":9}},"44":{"start":{"line":159,"column":12},"end":{"line":162,"column":16}},"45":{"start":{"line":165,"column":8},"end":{"line":165,"column":40}},"46":{"start":{"line":170,"column":8},"end":{"line":170,"column":40}},"47":{"start":{"line":171,"column":8},"end":{"line":171,"column":39}},"48":{"start":{"line":176,"column":28},"end":{"line":176,"column":30}},"49":{"start":{"line":178,"column":8},"end":{"line":187,"column":9}},"50":{"start":{"line":180,"column":29},"end":{"line":180,"column":45}},"51":{"start":{"line":181,"column":26},"end":{"line":181,"column":62}},"52":{"start":{"line":183,"column":12},"end":{"line":186,"column":13}},"53":{"start":{"line":185,"column":16},"end":{"line":185,"column":49}},"54":{"start":{"line":189,"column":8},"end":{"line":189,"column":29}},"55":{"start":{"line":194,"column":8},"end":{"line":194,"column":55}},"56":{"start":{"line":195,"column":28},"end":{"line":195,"column":100}},"57":{"start":{"line":197,"column":8},"end":{"line":202,"column":12}},"58":{"start":{"line":204,"column":8},"end":{"line":204,"column":47}},"59":{"start":{"line":209,"column":8},"end":{"line":209,"column":41}},"60":{"start":{"line":211,"column":8},"end":{"line":211,"column":31}},"61":{"start":{"line":216,"column":8},"end":{"line":220,"column":12}},"62":{"start":{"line":225,"column":8},"end":{"line":225,"column":44}},"63":{"start":{"line":230,"column":8},"end":{"line":236,"column":9}},"64":{"start":{"line":232,"column":12},"end":{"line":235,"column":16}},"65":{"start":{"line":241,"column":8},"end":{"line":244,"column":9}},"66":{"start":{"line":243,"column":12},"end":{"line":243,"column":19}},"67":{"start":{"line":246,"column":8},"end":{"line":250,"column":9}},"68":{"start":{"line":249,"column":12},"end":{"line":249,"column":50}},"69":{"start":{"line":255,"column":8},"end":{"line":258,"column":9}},"70":{"start":{"line":257,"column":12},"end":{"line":257,"column":19}},"71":{"start":{"line":260,"column":8},"end":{"line":260,"column":32}},"72":{"start":{"line":261,"column":8},"end":{"line":261,"column":55}},"73":{"start":{"line":266,"column":8},"end":{"line":266,"column":72}},"74":{"start":{"line":267,"column":8},"end":{"line":267,"column":67}},"75":{"start":{"line":272,"column":8},"end":{"line":272,"column":75}},"76":{"start":{"line":273,"column":8},"end":{"line":273,"column":70}},"77":{"start":{"line":278,"column":8},"end":{"line":281,"column":9}},"78":{"start":{"line":280,"column":12},"end":{"line":280,"column":19}},"79":{"start":{"line":283,"column":20},"end":{"line":283,"column":51}},"80":{"start":{"line":285,"column":8},"end":{"line":291,"column":9}},"81":{"start":{"line":296,"column":8},"end":{"line":301,"column":10}},"82":{"start":{"line":306,"column":8},"end":{"line":321,"column":10}},"83":{"start":{"line":317,"column":34},"end":{"line":317,"column":62}},"84":{"start":{"line":326,"column":8},"end":{"line":330,"column":9}},"85":{"start":{"line":329,"column":12},"end":{"line":329,"column":19}},"86":{"start":{"line":332,"column":8},"end":{"line":342,"column":10}},"87":{"start":{"line":339,"column":36},"end":{"line":339,"column":66}},"88":{"start":{"line":347,"column":8},"end":{"line":354,"column":10}},"89":{"start":{"line":349,"column":56},"end":{"line":349,"column":79}}},"fnMap":{"0":{"name":"(anonymous_0)","decl":{"start":{"line":11,"column":4},"end":{"line":11,"column":5}},"loc":{"start":{"line":11,"column":25},"end":{"line":53,"column":5}},"line":11},"1":{"name":"(anonymous_1)","decl":{"start":{"line":55,"column":4},"end":{"line":55,"column":5}},"loc":{"start":{"line":55,"column":60},"end":{"line":81,"column":5}},"line":55},"2":{"name":"(anonymous_2)","decl":{"start":{"line":83,"column":4},"end":{"line":83,"column":5}},"loc":{"start":{"line":83,"column":33},"end":{"line":102,"column":5}},"line":83},"3":{"name":"(anonymous_3)","decl":{"start":{"line":104,"column":4},"end":{"line":104,"column":5}},"loc":{"start":{"line":104,"column":28},"end":{"line":114,"column":5}},"line":104},"4":{"name":"(anonymous_4)","decl":{"start":{"line":116,"column":4},"end":{"line":116,"column":5}},"loc":{"start":{"line":116,"column":22},"end":{"line":123,"column":5}},"line":116},"5":{"name":"(anonymous_5)","decl":{"start":{"line":125,"column":4},"end":{"line":125,"column":5}},"loc":{"start":{"line":125,"column":28},"end":{"line":151,"column":5}},"line":125},"6":{"name":"(anonymous_6)","decl":{"start":{"line":153,"column":4},"end":{"line":153,"column":5}},"loc":{"start":{"line":153,"column":27},"end":{"line":166,"column":5}},"line":153},"7":{"name":"(anonymous_7)","decl":{"start":{"line":168,"column":4},"end":{"line":168,"column":5}},"loc":{"start":{"line":168,"column":26},"end":{"line":172,"column":5}},"line":168},"8":{"name":"(anonymous_8)","decl":{"start":{"line":174,"column":4},"end":{"line":174,"column":5}},"loc":{"start":{"line":174,"column":49},"end":{"line":190,"column":5}},"line":174},"9":{"name":"(anonymous_9)","decl":{"start":{"line":192,"column":4},"end":{"line":192,"column":5}},"loc":{"start":{"line":192,"column":25},"end":{"line":205,"column":5}},"line":192},"10":{"name":"(anonymous_10)","decl":{"start":{"line":207,"column":4},"end":{"line":207,"column":5}},"loc":{"start":{"line":207,"column":18},"end":{"line":212,"column":5}},"line":207},"11":{"name":"(anonymous_11)","decl":{"start":{"line":214,"column":4},"end":{"line":214,"column":5}},"loc":{"start":{"line":214,"column":19},"end":{"line":221,"column":5}},"line":214},"12":{"name":"(anonymous_12)","decl":{"start":{"line":223,"column":4},"end":{"line":223,"column":5}},"loc":{"start":{"line":223,"column":22},"end":{"line":226,"column":5}},"line":223},"13":{"name":"(anonymous_13)","decl":{"start":{"line":228,"column":4},"end":{"line":228,"column":5}},"loc":{"start":{"line":228,"column":32},"end":{"line":237,"column":5}},"line":228},"14":{"name":"(anonymous_14)","decl":{"start":{"line":239,"column":4},"end":{"line":239,"column":5}},"loc":{"start":{"line":239,"column":27},"end":{"line":251,"column":5}},"line":239},"15":{"name":"(anonymous_15)","decl":{"start":{"line":253,"column":4},"end":{"line":253,"column":5}},"loc":{"start":{"line":253,"column":32},"end":{"line":262,"column":5}},"line":253},"16":{"name":"(anonymous_16)","decl":{"start":{"line":264,"column":4},"end":{"line":264,"column":5}},"loc":{"start":{"line":264,"column":24},"end":{"line":268,"column":5}},"line":264},"17":{"name":"(anonymous_17)","decl":{"start":{"line":270,"column":4},"end":{"line":270,"column":5}},"loc":{"start":{"line":270,"column":27},"end":{"line":274,"column":5}},"line":270},"18":{"name":"(anonymous_18)","decl":{"start":{"line":276,"column":4},"end":{"line":276,"column":5}},"loc":{"start":{"line":276,"column":18},"end":{"line":292,"column":5}},"line":276},"19":{"name":"(anonymous_19)","decl":{"start":{"line":294,"column":4},"end":{"line":294,"column":5}},"loc":{"start":{"line":294,"column":17},"end":{"line":302,"column":5}},"line":294},"20":{"name":"(anonymous_20)","decl":{"start":{"line":304,"column":4},"end":{"line":304,"column":5}},"loc":{"start":{"line":304,"column":19},"end":{"line":322,"column":5}},"line":304},"21":{"name":"(anonymous_21)","decl":{"start":{"line":317,"column":26},"end":{"line":317,"column":27}},"loc":{"start":{"line":317,"column":34},"end":{"line":317,"column":62}},"line":317},"22":{"name":"(anonymous_22)","decl":{"start":{"line":324,"column":4},"end":{"line":324,"column":5}},"loc":{"start":{"line":324,"column":20},"end":{"line":343,"column":5}},"line":324},"23":{"name":"(anonymous_23)","decl":{"start":{"line":339,"column":26},"end":{"line":339,"column":27}},"loc":{"start":{"line":339,"column":34},"end":{"line":339,"column":68}},"line":339},"24":{"name":"(anonymous_24)","decl":{"start":{"line":345,"column":4},"end":{"line":345,"column":5}},"loc":{"start":{"line":345,"column":13},"end":{"line":355,"column":5}},"line":345},"25":{"name":"(anonymous_25)","decl":{"start":{"line":349,"column":46},"end":{"line":349,"column":47}},"loc":{"start":{"line":349,"column":54},"end":{"line":349,"column":81}},"line":349}},"branchMap":{"0":{"loc":{"start":{"line":59,"column":8},"end":{"line":62,"column":9}},"type":"if","locations":[{"start":{"line":59,"column":8},"end":{"line":62,"column":9}},{"start":{"line":59,"column":8},"end":{"line":62,"column":9}}],"line":59},"1":{"loc":{"start":{"line":59,"column":13},"end":{"line":59,"column":60}},"type":"binary-expr","locations":[{"start":{"line":59,"column":13},"end":{"line":59,"column":37}},{"start":{"line":59,"column":41},"end":{"line":59,"column":60}}],"line":59},"2":{"loc":{"start":{"line":87,"column":8},"end":{"line":90,"column":9}},"type":"if","locations":[{"start":{"line":87,"column":8},"end":{"line":90,"column":9}},{"start":{"line":87,"column":8},"end":{"line":90,"column":9}}],"line":87},"3":{"loc":{"start":{"line":87,"column":13},"end":{"line":87,"column":70}},"type":"binary-expr","locations":[{"start":{"line":87,"column":13},"end":{"line":87,"column":33}},{"start":{"line":87,"column":37},"end":{"line":87,"column":70}}],"line":87},"4":{"loc":{"start":{"line":106,"column":8},"end":{"line":113,"column":9}},"type":"if","locations":[{"start":{"line":106,"column":8},"end":{"line":113,"column":9}},{"start":{"line":106,"column":8},"end":{"line":113,"column":9}}],"line":106},"5":{"loc":{"start":{"line":106,"column":13},"end":{"line":106,"column":64}},"type":"binary-expr","locations":[{"start":{"line":106,"column":13},"end":{"line":106,"column":44}},{"start":{"line":106,"column":48},"end":{"line":106,"column":64}}],"line":106},"6":{"loc":{"start":{"line":132,"column":8},"end":{"line":148,"column":9}},"type":"if","locations":[{"start":{"line":132,"column":8},"end":{"line":148,"column":9}},{"start":{"line":132,"column":8},"end":{"line":148,"column":9}}],"line":132},"7":{"loc":{"start":{"line":140,"column":12},"end":{"line":147,"column":13}},"type":"if","locations":[{"start":{"line":140,"column":12},"end":{"line":147,"column":13}},{"start":{"line":140,"column":12},"end":{"line":147,"column":13}}],"line":140},"8":{"loc":{"start":{"line":157,"column":8},"end":{"line":163,"column":9}},"type":"if","locations":[{"start":{"line":157,"column":8},"end":{"line":163,"column":9}},{"start":{"line":157,"column":8},"end":{"line":163,"column":9}}],"line":157},"9":{"loc":{"start":{"line":183,"column":12},"end":{"line":186,"column":13}},"type":"if","locations":[{"start":{"line":183,"column":12},"end":{"line":186,"column":13}},{"start":{"line":183,"column":12},"end":{"line":186,"column":13}}],"line":183},"10":{"loc":{"start":{"line":230,"column":8},"end":{"line":236,"column":9}},"type":"if","locations":[{"start":{"line":230,"column":8},"end":{"line":236,"column":9}},{"start":{"line":230,"column":8},"end":{"line":236,"column":9}}],"line":230},"11":{"loc":{"start":{"line":241,"column":8},"end":{"line":244,"column":9}},"type":"if","locations":[{"start":{"line":241,"column":8},"end":{"line":244,"column":9}},{"start":{"line":241,"column":8},"end":{"line":244,"column":9}}],"line":241},"12":{"loc":{"start":{"line":246,"column":8},"end":{"line":250,"column":9}},"type":"if","locations":[{"start":{"line":246,"column":8},"end":{"line":250,"column":9}},{"start":{"line":246,"column":8},"end":{"line":250,"column":9}}],"line":246},"13":{"loc":{"start":{"line":246,"column":13},"end":{"line":247,"column":70}},"type":"binary-expr","locations":[{"start":{"line":246,"column":13},"end":{"line":246,"column":34}},{"start":{"line":247,"column":19},"end":{"line":247,"column":70}}],"line":246},"14":{"loc":{"start":{"line":255,"column":8},"end":{"line":258,"column":9}},"type":"if","locations":[{"start":{"line":255,"column":8},"end":{"line":258,"column":9}},{"start":{"line":255,"column":8},"end":{"line":258,"column":9}}],"line":255},"15":{"loc":{"start":{"line":278,"column":8},"end":{"line":281,"column":9}},"type":"if","locations":[{"start":{"line":278,"column":8},"end":{"line":281,"column":9}},{"start":{"line":278,"column":8},"end":{"line":281,"column":9}}],"line":278},"16":{"loc":{"start":{"line":326,"column":8},"end":{"line":330,"column":9}},"type":"if","locations":[{"start":{"line":326,"column":8},"end":{"line":330,"column":9}},{"start":{"line":326,"column":8},"end":{"line":330,"column":9}}],"line":326},"17":{"loc":{"start":{"line":326,"column":13},"end":{"line":327,"column":56}},"type":"binary-expr","locations":[{"start":{"line":326,"column":13},"end":{"line":326,"column":50}},{"start":{"line":327,"column":19},"end":{"line":327,"column":56}}],"line":326}},"s":{"0":1,"1":1,"2":1,"3":1,"4":1,"5":1,"6":1,"7":1,"8":1,"9":1,"10":1,"11":1,"12":1,"13":1,"14":1,"15":1,"16":1,"17":1,"18":0,"19":0,"20":0,"21":0,"22":0,"23":0,"24":0,"25":0,"26":0,"27":0,"28":0,"29":0,"30":0,"31":0,"32":0,"33":0,"34":0,"35":0,"36":0,"37":0,"38":0,"39":0,"40":0,"41":0,"42":0,"43":0,"44":0,"45":0,"46":0,"47":0,"48":1,"49":1,"50":7,"51":7,"52":7,"53":2,"54":1,"55":0,"56":0,"57":0,"58":0,"59":0,"60":0,"61":0,"62":0,"63":0,"64":0,"65":0,"66":0,"67":0,"68":0,"69":0,"70":0,"71":0,"72":0,"73":0,"74":0,"75":0,"76":0,"77":0,"78":0,"79":0,"80":0,"81":0,"82":0,"83":0,"84":0,"85":0,"86":0,"87":0,"88":0,"89":0},"f":{"0":1,"1":0,"2":0,"3":0,"4":0,"5":0,"6":0,"7":0,"8":1,"9":0,"10":0,"11":0,"12":0,"13":0,"14":0,"15":0,"16":0,"17":0,"18":0,"19":0,"20":0,"21":0,"22":0,"23":0,"24":0,"25":0},"b":{"0":[0,0],"1":[0,0],"2":[0,0],"3":[0,0],"4":[0,0],"5":[0,0],"6":[0,0],"7":[0,0],"8":[0,0],"9":[2,5],"10":[0,0],"11":[0,0],"12":[0,0],"13":[0,0],"14":[0,0],"15":[0,0],"16":[0,0],"17":[0,0]},"_coverageSchema":"332fd63041d2c1bcb487cc26dd0d5f7d97098a6c","hash":"17dc346aeeabdc46ee0fe27fddc04c43582f0ed2"}
,"/Users/busheng/origin-projects/msp/msp-ui/src/helpers/util.js": {"path":"/Users/busheng/origin-projects/msp/msp-ui/src/helpers/util.js","statementMap":{"0":{"start":{"line":12,"column":4},"end":{"line":12,"column":51}},"1":{"start":{"line":18,"column":4},"end":{"line":18,"column":51}},"2":{"start":{"line":24,"column":4},"end":{"line":27,"column":5}},"3":{"start":{"line":26,"column":8},"end":{"line":26,"column":26}},"4":{"start":{"line":29,"column":4},"end":{"line":29,"column":24}},"5":{"start":{"line":35,"column":15},"end":{"line":35,"column":35}},"6":{"start":{"line":37,"column":4},"end":{"line":44,"column":5}},"7":{"start":{"line":39,"column":8},"end":{"line":41,"column":9}},"8":{"start":{"line":40,"column":12},"end":{"line":40,"column":24}},"9":{"start":{"line":43,"column":8},"end":{"line":43,"column":31}},"10":{"start":{"line":46,"column":4},"end":{"line":46,"column":17}},"11":{"start":{"line":52,"column":4},"end":{"line":52,"column":50}},"12":{"start":{"line":57,"column":0},"end":{"line":64,"column":2}}},"fnMap":{"0":{"name":"isObject","decl":{"start":{"line":10,"column":9},"end":{"line":10,"column":17}},"loc":{"start":{"line":10,"column":23},"end":{"line":13,"column":1}},"line":10},"1":{"name":"generateRandomString","decl":{"start":{"line":16,"column":9},"end":{"line":16,"column":29}},"loc":{"start":{"line":16,"column":32},"end":{"line":19,"column":1}},"line":16},"2":{"name":"setDefault","decl":{"start":{"line":22,"column":9},"end":{"line":22,"column":19}},"loc":{"start":{"line":22,"column":48},"end":{"line":30,"column":1}},"line":22},"3":{"name":"isDescendant","decl":{"start":{"line":33,"column":9},"end":{"line":33,"column":21}},"loc":{"start":{"line":33,"column":47},"end":{"line":47,"column":1}},"line":33},"4":{"name":"isNotEmptyArray","decl":{"start":{"line":50,"column":9},"end":{"line":50,"column":24}},"loc":{"start":{"line":50,"column":32},"end":{"line":53,"column":1}},"line":50}},"branchMap":{"0":{"loc":{"start":{"line":12,"column":11},"end":{"line":12,"column":50}},"type":"binary-expr","locations":[{"start":{"line":12,"column":13},"end":{"line":12,"column":16}},{"start":{"line":12,"column":24},"end":{"line":12,"column":48}}],"line":12},"1":{"loc":{"start":{"line":24,"column":4},"end":{"line":27,"column":5}},"type":"if","locations":[{"start":{"line":24,"column":4},"end":{"line":27,"column":5}},{"start":{"line":24,"column":4},"end":{"line":27,"column":5}}],"line":24},"2":{"loc":{"start":{"line":39,"column":8},"end":{"line":41,"column":9}},"type":"if","locations":[{"start":{"line":39,"column":8},"end":{"line":41,"column":9}},{"start":{"line":39,"column":8},"end":{"line":41,"column":9}}],"line":39},"3":{"loc":{"start":{"line":52,"column":11},"end":{"line":52,"column":49}},"type":"binary-expr","locations":[{"start":{"line":52,"column":11},"end":{"line":52,"column":31}},{"start":{"line":52,"column":35},"end":{"line":52,"column":49}}],"line":52}},"s":{"0":122,"1":1,"2":125,"3":43,"4":82,"5":0,"6":0,"7":0,"8":0,"9":0,"10":0,"11":63,"12":7},"f":{"0":122,"1":1,"2":125,"3":0,"4":63},"b":{"0":[122,107],"1":[43,82],"2":[0,0],"3":[63,62]},"_coverageSchema":"332fd63041d2c1bcb487cc26dd0d5f7d97098a6c","hash":"e1ba76f03e2ee32b5595effb5214a10e21cbbe9a"}
}
