TN:
SF:/Users/busheng/origin-projects/msp/msp-ui/src/components/core/account-profile.js
FN:11,(anonymous_0)
FN:59,(anonymous_1)
FN:66,(anonymous_2)
FN:76,(anonymous_3)
FNF:4
FNH:4
FNDA:54,(anonymous_0)
FNDA:60,(anonymous_1)
FNDA:12,(anonymous_2)
FNDA:54,(anonymous_3)
DA:7,3
DA:13,54
DA:31,54
DA:33,54
DA:35,54
DA:37,51
DA:39,714
DA:41,270
DA:45,3
DA:49,1
DA:51,2
DA:53,1
DA:56,54
DA:61,60
DA:63,60
DA:66,30
DA:68,12
DA:73,60
DA:78,54
DA:80,31
DA:82,26
DA:83,26
DA:84,26
DA:88,5
DA:94,23
DA:96,22
DA:97,22
DA:98,22
DA:103,1
DA:104,1
DA:110,3
LF:31
LH:31
BRDA:35,0,0,51
BRDA:35,0,1,3
BRDA:35,1,0,54
BRDA:35,1,1,4
BRDA:39,2,0,270
BRDA:39,2,1,444
BRDA:45,3,0,1
BRDA:45,3,1,2
BRDA:45,4,0,3
BRDA:45,4,1,2
BRDA:45,4,2,2
BRDA:51,5,0,1
BRDA:51,5,1,1
BRDA:63,6,0,30
BRDA:63,6,1,30
BRDA:78,7,0,31
BRDA:78,7,1,23
BRDA:78,8,0,54
BRDA:78,8,1,32
BRDA:80,9,0,26
BRDA:80,9,1,5
BRDA:94,10,0,22
BRDA:94,10,1,1
BRF:23
BRH:23
end_of_record
TN:
SF:/Users/busheng/origin-projects/msp/msp-ui/src/components/core/component-manager.js
FN:9,(anonymous_0)
FN:14,(anonymous_1)
FN:19,(anonymous_2)
FN:31,(anonymous_3)
FN:36,(anonymous_4)
FNF:5
FNH:2
FNDA:1,(anonymous_0)
FNDA:1,(anonymous_1)
FNDA:0,(anonymous_2)
FNDA:0,(anonymous_3)
FNDA:0,(anonymous_4)
DA:5,1
DA:11,1
DA:16,1
DA:21,0
DA:23,0
DA:25,0
DA:28,0
DA:33,0
DA:38,0
DA:42,1
DA:44,1
DA:46,0
DA:49,1
LF:13
LH:6
BRDA:23,0,0,0
BRDA:23,0,1,0
BRDA:44,1,0,0
BRDA:44,1,1,1
BRDA:44,2,0,1
BRDA:44,2,1,1
BRF:6
BRH:3
end_of_record
TN:
SF:/Users/busheng/origin-projects/msp/msp-ui/src/components/core/hierarchy-node.js
FN:6,(anonymous_0)
FN:23,(anonymous_1)
FN:66,(anonymous_2)
FNF:3
FNH:3
FNDA:30,(anonymous_0)
FNDA:30,(anonymous_1)
FNDA:18,(anonymous_2)
DA:1,2
DA:2,2
DA:8,30
DA:10,10
DA:13,30
DA:14,30
DA:15,30
DA:16,30
DA:17,30
DA:18,30
DA:20,30
DA:25,30
DA:26,30
DA:27,30
DA:28,30
DA:30,30
DA:35,20
DA:37,38
DA:47,38
DA:49,38
DA:51,20
DA:52,20
DA:55,18
DA:57,18
DA:58,18
DA:61,38
DA:62,38
DA:63,38
DA:66,20
DA:68,18
DA:73,30
DA:83,2
LF:32
LH:32
BRDA:8,0,0,10
BRDA:8,0,1,20
BRDA:30,1,0,20
BRDA:30,1,1,10
BRDA:30,2,0,30
BRDA:30,2,1,20
BRDA:30,2,2,20
BRDA:30,2,3,20
BRDA:49,3,0,20
BRDA:49,3,1,18
BRDA:55,4,0,18
BRDA:55,4,1,0
BRF:12
BRH:11
end_of_record
TN:
SF:/Users/busheng/origin-projects/msp/msp-ui/src/components/core/hierarchy-storage.js
FN:11,(anonymous_0)
FN:41,(anonymous_1)
FN:94,(anonymous_2)
FN:100,(anonymous_3)
FN:145,(anonymous_4)
FN:184,(anonymous_5)
FN:206,(anonymous_6)
FNF:7
FNH:6
FNDA:6,(anonymous_0)
FNDA:6,(anonymous_1)
FNDA:3,(anonymous_2)
FNDA:14,(anonymous_3)
FNDA:2,(anonymous_4)
FNDA:0,(anonymous_5)
FNDA:3,(anonymous_6)
DA:5,1
DA:6,1
DA:7,1
DA:13,6
DA:14,6
DA:15,6
DA:16,6
DA:17,6
DA:29,6
DA:31,6
DA:33,0
DA:43,6
DA:45,6
DA:47,2
DA:51,4
DA:53,4
DA:55,4
DA:59,3
DA:62,1
DA:64,0
DA:67,1
DA:70,3
DA:73,0
DA:78,3
DA:80,3
DA:84,0
DA:88,3
DA:90,0
DA:96,3
DA:98,3
DA:99,3
DA:100,14
DA:102,3
DA:104,14
DA:105,14
DA:107,14
DA:109,5
DA:111,9
DA:114,5
DA:118,4
DA:120,4
DA:122,3
DA:123,3
DA:127,14
DA:129,9
DA:134,14
DA:136,14
DA:137,14
DA:139,14
DA:142,3
DA:147,2
DA:149,2
DA:151,0
DA:154,2
DA:155,2
DA:156,2
DA:157,2
DA:159,2
DA:161,2
DA:163,2
DA:165,2
DA:167,2
DA:168,2
DA:171,2
DA:172,2
DA:175,2
DA:177,4
DA:178,4
DA:181,2
DA:186,0
DA:188,0
DA:191,0
DA:193,0
DA:195,0
DA:196,0
DA:198,0
DA:201,0
DA:203,0
DA:208,3
DA:209,3
DA:218,2
DA:220,0
DA:223,2
DA:224,2
DA:225,2
DA:227,2
DA:232,1
LF:87
LH:71
BRDA:11,0,0,6
BRDA:31,1,0,0
BRDA:31,1,1,6
BRDA:45,2,0,2
BRDA:45,2,1,4
BRDA:62,3,0,0
BRDA:62,3,1,1
BRDA:70,4,0,0
BRDA:70,4,1,3
BRDA:70,5,0,3
BRDA:70,5,1,0
BRDA:88,6,0,0
BRDA:88,6,1,3
BRDA:107,7,0,5
BRDA:107,7,1,9
BRDA:111,8,0,5
BRDA:111,8,1,4
BRDA:111,9,0,9
BRDA:111,9,1,8
BRDA:120,10,0,3
BRDA:120,10,1,1
BRDA:129,11,0,9
BRDA:129,11,1,0
BRDA:145,12,0,1
BRDA:149,13,0,0
BRDA:149,13,1,2
BRDA:159,14,0,4
BRDA:159,14,1,3
BRDA:163,15,0,2
BRDA:163,15,1,0
BRDA:186,16,0,0
BRDA:186,16,1,0
BRDA:218,17,0,0
BRDA:218,17,1,2
BRF:34
BRH:23
end_of_record
TN:
SF:/Users/busheng/origin-projects/msp/msp-ui/src/components/core/__test__/sap.dummy.js
FNF:0
FNH:0
DA:2,2
DA:707,2
LF:2
LH:2
BRF:0
BRH:0
end_of_record
TN:
SF:/Users/busheng/origin-projects/msp/msp-ui/src/components/message-box/message-box.js
FN:6,(anonymous_0)
FN:28,(anonymous_1)
FNF:2
FNH:2
FNDA:1,(anonymous_0)
FNDA:1,(anonymous_1)
DA:1,1
DA:2,1
DA:8,1
DA:10,1
DA:18,1
DA:30,1
DA:31,1
DA:32,1
DA:34,1
DA:36,0
DA:39,1
DA:41,0
DA:43,0
DA:45,0
DA:49,1
DA:60,1
LF:16
LH:12
BRDA:34,0,0,0
BRDA:34,0,1,1
BRDA:39,1,0,0
BRDA:39,1,1,1
BRDA:39,2,0,1
BRDA:39,2,1,1
BRDA:43,3,0,0
BRDA:43,3,1,0
BRF:8
BRH:4
end_of_record
TN:
SF:/Users/busheng/origin-projects/msp/msp-ui/src/components/search-box/data-model.js
FN:7,(anonymous_0)
FN:34,makeSearchItemsByItems
FN:41,(anonymous_2)
FN:51,makeSearchItemsByFields
FN:55,(anonymous_4)
FN:57,(anonymous_5)
FN:78,makeSearchItems
FNF:7
FNH:4
FNDA:16,(anonymous_0)
FNDA:0,makeSearchItemsByItems
FNDA:0,(anonymous_2)
FNDA:3,makeSearchItemsByFields
FNDA:6,(anonymous_4)
FNDA:10,(anonymous_5)
FNDA:0,makeSearchItems
DA:3,2
DA:9,16
DA:10,16
DA:11,16
DA:13,16
DA:15,16
DA:19,7
DA:21,9
DA:23,0
DA:25,9
DA:27,8
DA:29,8
DA:36,0
DA:38,0
DA:41,0
DA:43,0
DA:46,0
DA:53,3
DA:55,3
DA:57,6
DA:59,10
DA:61,2
DA:64,8
DA:65,8
DA:66,8
DA:68,8
DA:74,3
DA:80,0
DA:82,0
DA:85,0
DA:89,2
LF:31
LH:22
BRDA:15,0,0,7
BRDA:15,0,1,9
BRDA:15,1,0,16
BRDA:15,1,1,9
BRDA:15,1,2,9
BRDA:21,2,0,0
BRDA:21,2,1,9
BRDA:25,3,0,8
BRDA:25,3,1,1
BRDA:25,4,0,9
BRDA:25,4,1,1
BRDA:36,5,0,0
BRDA:36,5,1,0
BRDA:59,6,0,2
BRDA:59,6,1,8
BRDA:80,7,0,0
BRDA:80,7,1,0
BRDA:80,8,0,0
BRDA:80,8,1,0
BRF:19
BRH:12
end_of_record
TN:
SF:/Users/busheng/origin-projects/msp/msp-ui/src/components/search-box/search-box-list-item.js
FN:6,(anonymous_0)
FN:14,(anonymous_1)
FN:19,(anonymous_2)
FN:31,(anonymous_3)
FNF:4
FNH:0
FNDA:0,(anonymous_0)
FNDA:0,(anonymous_1)
FNDA:0,(anonymous_2)
FNDA:0,(anonymous_3)
DA:8,0
DA:9,0
DA:11,0
DA:16,0
DA:21,0
DA:22,0
DA:23,0
DA:25,0
DA:29,0
DA:31,0
LF:10
LH:0
BRDA:25,0,0,0
BRDA:25,0,1,0
BRF:2
BRH:0
end_of_record
TN:
SF:/Users/busheng/origin-projects/msp/msp-ui/src/components/search-box/search-box-list.js
FN:6,(anonymous_0)
FN:25,(anonymous_1)
FN:33,(anonymous_2)
FN:76,(anonymous_3)
FN:81,(anonymous_4)
FN:95,(anonymous_5)
FN:100,(anonymous_6)
FN:114,(anonymous_7)
FN:118,(anonymous_8)
FN:134,(anonymous_9)
FNF:10
FNH:0
FNDA:0,(anonymous_0)
FNDA:0,(anonymous_1)
FNDA:0,(anonymous_2)
FNDA:0,(anonymous_3)
FNDA:0,(anonymous_4)
FNDA:0,(anonymous_5)
FNDA:0,(anonymous_6)
FNDA:0,(anonymous_7)
FNDA:0,(anonymous_8)
FNDA:0,(anonymous_9)
DA:8,0
DA:9,0
DA:10,0
DA:12,0
DA:13,0
DA:14,0
DA:16,0
DA:18,0
DA:27,0
DA:35,0
DA:36,0
DA:38,0
DA:40,0
DA:42,0
DA:46,0
DA:48,0
DA:50,0
DA:56,0
DA:59,0
DA:61,0
DA:63,0
DA:66,0
DA:72,0
DA:78,0
DA:83,0
DA:85,0
DA:88,0
DA:90,0
DA:92,0
DA:97,0
DA:102,0
DA:103,0
DA:105,0
DA:107,0
DA:110,0
DA:114,0
DA:120,0
DA:122,0
DA:124,0
DA:127,0
DA:134,0
LF:41
LH:0
BRDA:38,0,0,0
BRDA:38,0,1,0
BRDA:40,1,0,0
BRDA:40,1,1,0
BRDA:46,2,0,0
BRDA:46,2,1,0
BRDA:48,3,0,0
BRDA:48,3,1,0
BRDA:61,4,0,0
BRDA:61,4,1,0
BRDA:83,5,0,0
BRDA:83,5,1,0
BRDA:105,6,0,0
BRDA:105,6,1,0
BRDA:122,7,0,0
BRDA:122,7,1,0
BRF:16
BRH:0
end_of_record
TN:
SF:/Users/busheng/origin-projects/msp/msp-ui/src/components/search-box/search-box.js
FN:11,(anonymous_0)
FN:55,(anonymous_1)
FN:83,(anonymous_2)
FN:104,(anonymous_3)
FN:116,(anonymous_4)
FN:125,(anonymous_5)
FN:153,(anonymous_6)
FN:168,(anonymous_7)
FN:174,(anonymous_8)
FN:192,(anonymous_9)
FN:207,(anonymous_10)
FN:214,(anonymous_11)
FN:223,(anonymous_12)
FN:228,(anonymous_13)
FN:239,(anonymous_14)
FN:253,(anonymous_15)
FN:264,(anonymous_16)
FN:270,(anonymous_17)
FN:276,(anonymous_18)
FN:294,(anonymous_19)
FN:304,(anonymous_20)
FN:317,(anonymous_21)
FN:324,(anonymous_22)
FN:339,(anonymous_23)
FN:345,(anonymous_24)
FN:349,(anonymous_25)
FNF:26
FNH:2
FNDA:1,(anonymous_0)
FNDA:0,(anonymous_1)
FNDA:0,(anonymous_2)
FNDA:0,(anonymous_3)
FNDA:0,(anonymous_4)
FNDA:0,(anonymous_5)
FNDA:0,(anonymous_6)
FNDA:0,(anonymous_7)
FNDA:1,(anonymous_8)
FNDA:0,(anonymous_9)
FNDA:0,(anonymous_10)
FNDA:0,(anonymous_11)
FNDA:0,(anonymous_12)
FNDA:0,(anonymous_13)
FNDA:0,(anonymous_14)
FNDA:0,(anonymous_15)
FNDA:0,(anonymous_16)
FNDA:0,(anonymous_17)
FNDA:0,(anonymous_18)
FNDA:0,(anonymous_19)
FNDA:0,(anonymous_20)
FNDA:0,(anonymous_21)
FNDA:0,(anonymous_22)
FNDA:0,(anonymous_23)
FNDA:0,(anonymous_24)
FNDA:0,(anonymous_25)
DA:7,1
DA:13,1
DA:15,1
DA:16,1
DA:17,1
DA:18,1
DA:19,1
DA:20,1
DA:21,1
DA:22,1
DA:24,1
DA:25,1
DA:26,1
DA:27,1
DA:28,1
DA:30,1
DA:51,1
DA:52,1
DA:57,0
DA:59,0
DA:61,0
DA:64,0
DA:85,0
DA:87,0
DA:89,0
DA:92,0
DA:93,0
DA:94,0
DA:96,0
DA:106,0
DA:108,0
DA:118,0
DA:127,0
DA:129,0
DA:130,0
DA:132,0
DA:134,0
DA:138,0
DA:140,0
DA:142,0
DA:146,0
DA:150,0
DA:155,0
DA:157,0
DA:159,0
DA:165,0
DA:170,0
DA:171,0
DA:176,1
DA:178,1
DA:180,7
DA:181,7
DA:183,7
DA:185,2
DA:189,1
DA:194,0
DA:195,0
DA:197,0
DA:204,0
DA:209,0
DA:211,0
DA:216,0
DA:225,0
DA:230,0
DA:232,0
DA:241,0
DA:243,0
DA:246,0
DA:249,0
DA:255,0
DA:257,0
DA:260,0
DA:261,0
DA:266,0
DA:267,0
DA:272,0
DA:273,0
DA:278,0
DA:280,0
DA:283,0
DA:285,0
DA:296,0
DA:306,0
DA:317,0
DA:326,0
DA:329,0
DA:332,0
DA:339,0
DA:347,0
DA:349,0
LF:90
LH:25
BRDA:59,0,0,0
BRDA:59,0,1,0
BRDA:59,1,0,0
BRDA:59,1,1,0
BRDA:87,2,0,0
BRDA:87,2,1,0
BRDA:87,3,0,0
BRDA:87,3,1,0
BRDA:106,4,0,0
BRDA:106,4,1,0
BRDA:106,5,0,0
BRDA:106,5,1,0
BRDA:132,6,0,0
BRDA:132,6,1,0
BRDA:140,7,0,0
BRDA:140,7,1,0
BRDA:157,8,0,0
BRDA:157,8,1,0
BRDA:183,9,0,2
BRDA:183,9,1,5
BRDA:230,10,0,0
BRDA:230,10,1,0
BRDA:241,11,0,0
BRDA:241,11,1,0
BRDA:246,12,0,0
BRDA:246,12,1,0
BRDA:246,13,0,0
BRDA:246,13,1,0
BRDA:255,14,0,0
BRDA:255,14,1,0
BRDA:278,15,0,0
BRDA:278,15,1,0
BRDA:326,16,0,0
BRDA:326,16,1,0
BRDA:326,17,0,0
BRDA:326,17,1,0
BRF:36
BRH:2
end_of_record
TN:
SF:/Users/busheng/origin-projects/msp/msp-ui/src/helpers/util.js
FN:10,isObject
FN:16,generateRandomString
FN:22,setDefault
FN:33,isDescendant
FN:50,isNotEmptyArray
FNF:5
FNH:4
FNDA:122,isObject
FNDA:1,generateRandomString
FNDA:125,setDefault
FNDA:0,isDescendant
FNDA:63,isNotEmptyArray
DA:12,122
DA:18,1
DA:24,125
DA:26,43
DA:29,82
DA:35,0
DA:37,0
DA:39,0
DA:40,0
DA:43,0
DA:46,0
DA:52,63
DA:57,7
LF:13
LH:7
BRDA:12,0,0,122
BRDA:12,0,1,107
BRDA:24,1,0,43
BRDA:24,1,1,82
BRDA:39,2,0,0
BRDA:39,2,1,0
BRDA:52,3,0,63
BRDA:52,3,1,62
BRF:8
BRH:6
end_of_record
